1670954216451	geckodriver	INFO	Listening on 127.0.0.1:55475
1670954219500	mozrunner::runner	INFO	Running command: "C:\\Program Files\\Mozilla Firefox\\firefox.exe" "--marionette" "--remote-debugging-port" "55476" "--remote-allow-hosts" "localhost" "-no-remote" "-profile" "C:\\Users\\Jagde\\AppData\\Local\\Temp\\rust_mozprofileyrBG8u"
1670954219916	Marionette	INFO	Marionette enabled
1670954219921	Marionette	INFO	Listening on port 55490
Read port: 55490
WebDriver BiDi listening on ws://127.0.0.1:55476
1670954220035	RemoteAgent	WARN	TLS certificate errors will be ignored for this session
console.warn: SearchSettings: "get: No settings file exists, new profile?" (new NotFoundError("Could not open the file at C:\\Users\\Jagde\\AppData\\Local\\Temp\\rust_mozprofileyrBG8u\\search.json.mozlz4", (void 0)))
DevTools listening on ws://127.0.0.1:55476/devtools/browser/5c8705c4-7b2e-4255-baf4-cb5682478954
JavaScript warning: https://pagead2.googlesyndication.com/bg/z7cUAtzL1u1d_2AGWF4wFgnTveRSMJLcB1xcawACHJQ.js line 2 > eval line 6929 > eval line 1 > eval line 1 > eval, line 1: WEBGL_debug_renderer_info is deprecated in Firefox and will be removed. Please use RENDERER.
JavaScript warning: https://pagead2.googlesyndication.com/bg/z7cUAtzL1u1d_2AGWF4wFgnTveRSMJLcB1xcawACHJQ.js line 2 > eval line 4849 > eval line 1 > eval line 1 > eval, line 1: WEBGL_debug_renderer_info is deprecated in Firefox and will be removed. Please use RENDERER.
JavaScript warning: https://pagead2.googlesyndication.com/bg/z7cUAtzL1u1d_2AGWF4wFgnTveRSMJLcB1xcawACHJQ.js line 2 > eval line 2578 > eval line 1 > eval line 1 > eval, line 1: WEBGL_debug_renderer_info is deprecated in Firefox and will be removed. Please use RENDERER.
JavaScript warning: https://pagead2.googlesyndication.com/bg/z7cUAtzL1u1d_2AGWF4wFgnTveRSMJLcB1xcawACHJQ.js line 2 > eval line 3607 > eval line 1 > eval line 1 > eval, line 1: WEBGL_debug_renderer_info is deprecated in Firefox and will be removed. Please use RENDERER.
JavaScript warning: https://pagead2.googlesyndication.com/bg/z7cUAtzL1u1d_2AGWF4wFgnTveRSMJLcB1xcawACHJQ.js line 2 > eval line 2632 > eval line 1 > eval line 1 > eval, line 1: WEBGL_debug_renderer_info is deprecated in Firefox and will be removed. Please use RENDERER.
JavaScript warning: https://www.walmart.ca/px/PXnp9B16Cq/init.js, line 4: WEBGL_debug_renderer_info is deprecated in Firefox and will be removed. Please use RENDERER.
1670954259647	Marionette	INFO	Stopped listening on port 55490
JavaScript error: , line 0: TypeError: NetworkError when attempting to fetch resource.
JavaScript error: , line 0: TypeError: NetworkError when attempting to fetch resource.
JavaScript error: , line 0: TypeError: NetworkError when attempting to fetch resource.
JavaScript error: , line 0: TypeError: NetworkError when attempting to fetch resource.
console.warn: TopSitesFeed: Failed to fetch data from Contile server: NetworkError when attempting to fetch resource.
WARN	TLS certificate errors will be ignored for this session
console.warn: SearchSettings: "get: No settings file exists, new profile?" (new NotFoundError("Could not open the file at C:\\Users\\Jagde\\AppData\\Local\\Temp\\rust_mozprofileK3wDA2\\search.json.mozlz4", (void 0)))
DevTools listening on ws://127.0.0.1:55633/devtools/browser/d38b8566-6a2d-4a97-81d7-e412c196461f
JavaScript warning: https://pagead2.googlesyndication.com/bg/z7cUAtzL1u1d_2AGWF4wFgnTveRSMJLcB1xcawACHJQ.js line 2 > eval line 6634 > eval line 1 > eval line 1 > eval, line 1: WEBGL_debug_renderer_info is deprecated in Firefox and will be removed. Please use RENDERER.
JavaScript warning: https://pagead2.googlesyndication.com/bg/z7cUAtzL1u1d_2AGWF4wFgnTveRSMJLcB1xcawACHJQ.js line 2 > eval line 7645 > eval line 1 > eval line 1 > eval, line 1: WEBGL_debug_renderer_info is deprecated in Firefox and will be removed. Please use RENDERER.
JavaScript warning: https://pagead2.googlesyndication.com/bg/z7cUAtzL1u1d_2AGWF4wFgnTveRSMJLcB1xcawACHJQ.js line 2 > eval line 2765 > eval line 1 > eval line 1 > eval, line 1: WEBGL_debug_renderer_info is deprecated in Firefox and will be removed. Please use RENDERER.
JavaScript warning: https://pagead2.googlesyndication.com/bg/z7cUAtzL1u1d_2AGWF4wFgnTveRSMJLcB1xcawACHJQ.js line 2 > eval line 791 > eval line 1 > eval line 1 > eval, line 1: WEBGL_debug_renderer_info is deprecated in Firefox and will be removed. Please use RENDERER.
JavaScript warning: https://pagead2.googlesyndication.com/bg/z7cUAtzL1u1d_2AGWF4wFgnTveRSMJLcB1xcawACHJQ.js line 2 > eval line 786 > eval line 1 > eval line 1 > eval, line 1: WEBGL_debug_renderer_info is deprecated in Firefox and will be removed. Please use RENDERER.
1670954264710	Marionette	INFO	Stopped listening on port 55645
JavaScript error: , line 0: TypeError: NetworkError when attempting to fetch resource.
JavaScript error: , line 0: TypeError: NetworkError when attempting to fetch resource.
JavaScript error: , line 0: TypeError: NetworkError when attempting to fetch resource.
JavaScript error: , line 0: TypeError: NetworkError when attempting to fetch resource.
console.warn: TopSitesFeed: Failed to fetch data from Contile server: NetworkError when attempting to fetch resource.
1670954704204	geckodriver	INFO	Listening on 127.0.0.1:50730
1670954707277	mozrunner::runner	INFO	Running command: "C:\\Program Files\\Mozilla Firefox\\firefox.exe" "--marionette" "--remote-debugging-port" "50731" "--remote-allow-hosts" "localhost" "-no-remote" "-profile" "C:\\Users\\Jagde\\AppData\\Local\\Temp\\rust_mozprofileP4BYv0"
1670954707610	Marionette	INFO	Marionette enabled
1670954707615	Marionette	INFO	Listening on port 50743
Read port: 50743
WebDriver BiDi listening on ws://127.0.0.1:50731
1670954707707	RemoteAgent	WARN	TLS certificate errors will be ignored for this session
console.warn: SearchSettings: "get: No settings file exists, new profile?" (new NotFoundError("Could not open the file at C:\\Users\\Jagde\\AppData\\Local\\Temp\\rust_mozprofileP4BYv0\\search.json.mozlz4", (void 0)))
DevTools listening on ws://127.0.0.1:50731/devtools/browser/6d34561a-f14b-46d4-bf94-acce4ac03760
JavaScript warning: https://pagead2.googlesyndication.com/bg/z7cUAtzL1u1d_2AGWF4wFgnTveRSMJLcB1xcawACHJQ.js line 2 > eval line 72 > eval line 1 > eval line 1 > eval, line 1: WEBGL_debug_renderer_info is deprecated in Firefox and will be removed. Please use RENDERER.
JavaScript warning: https://pagead2.googlesyndication.com/bg/z7cUAtzL1u1d_2AGWF4wFgnTveRSMJLcB1xcawACHJQ.js line 2 > eval line 5578 > eval line 1 > eval line 1 > eval, line 1: WEBGL_debug_renderer_info is deprecated in Firefox and will be removed. Please use RENDERER.
JavaScript warning: https://pagead2.googlesyndication.com/bg/z7cUAtzL1u1d_2AGWF4wFgnTveRSMJLcB1xcawACHJQ.js line 2 > eval line 7072 > eval line 1 > eval line 1 > eval, line 1: WEBGL_debug_renderer_info is deprecated in Firefox and will be removed. Please use RENDERER.
JavaScript warning: https://pagead2.googlesyndication.com/bg/z7cUAtzL1u1d_2AGWF4wFgnTveRSMJLcB1xcawACHJQ.js line 2 > eval line 737 > eval line 1 > eval line 1 > eval, line 1: WEBGL_debug_renderer_info is deprecated in Firefox and will be removed. Please use RENDERER.
JavaScript warning: https://pagead2.googlesyndication.com/bg/z7cUAtzL1u1d_2AGWF4wFgnTveRSMJLcB1xcawACHJQ.js line 2 > eval line 3740 > eval line 1 > eval line 1 > eval, line 1: WEBGL_debug_renderer_info is deprecated in Firefox and will be removed. Please use RENDERER.
1670954719097	Marionette	INFO	Stopped listening on port 50743
JavaScript error: , line 0: TypeError: NetworkError when attempting to fetch resource.
JavaScript error: , line 0: TypeError: NetworkError when attempting to fetch resource.
JavaScript error: , line 0: TypeError: NetworkError when attempting to fetch resource.
JavaScript error: , line 0: TypeError: NetworkError when attempting to fetch resource.
console.warn: TopSitesFeed: Failed to fetch data from Contile server: NetworkError when attempting to fetch resource.
[Parent 18972, IPC I/O Parent] WARNING: file /builds/worker/checkouts/gecko/ipc/chromium/src/base/process_util_win.cc:167
1670954726763	geckodriver	INFO	Listening on 127.0.0.1:50875
1670954729812	mozrunner::runner	INFO	Running command: "C:\\Program Files\\Mozilla Firefox\\firefox.exe" "--marionette" "--remote-debugging-port" "50876" "--remote-allow-hosts" "localhost" "-no-remote" "-profile" "C:\\Users\\Jagde\\AppData\\Local\\Temp\\rust_mozprofileW3216Q"
1670954730134	Marionette	INFO	Marionette enabled
1670954730139	Marionette	INFO	Listening on port 50886
Read port: 50886
WebDriver BiDi listening on ws://127.0.0.1:50876
1670954730228	RemoteAgent	WARN	TLS certificate errors will be ignored for this session
console.warn: SearchSettings: "get: No settings file exists, new profile?" (new NotFoundError("Could not open the file at C:\\Users\\Jagde\\AppData\\Local\\Temp\\rust_mozprofileW3216Q\\search.json.mozlz4", (void 0)))
DevTools listening on ws://127.0.0.1:50876/devtools/browser/baad935c-30f4-4779-bce0-709edfab349c
JavaScript warning: https://pagead2.googlesyndication.com/bg/z7cUAtzL1u1d_2AGWF4wFgnTveRSMJLcB1xcawACHJQ.js line 2 > eval line 3110 > eval line 1 > eval line 1 > eval, line 1: WEBGL_debug_renderer_info is deprecated in Firefox and will be removed. Please use RENDERER.
JavaScript warning: https://pagead2.googlesyndication.com/bg/z7cUAtzL1u1d_2AGWF4wFgnTveRSMJLcB1xcawACHJQ.js line 2 > eval line 6266 > eval line 1 > eval line 1 > eval, line 1: WEBGL_debug_renderer_info is deprecated in Firefox and will be removed. Please use RENDERER.
JavaScript warning: https://pagead2.googlesyndication.com/bg/z7cUAtzL1u1d_2AGWF4wFgnTveRSMJLcB1xcawACHJQ.js line 2 > eval line 5095 > eval line 1 > eval line 1 > eval, line 1: WEBGL_debug_renderer_info is deprecated in Firefox and will be removed. Please use RENDERER.
JavaScript warning: https://pagead2.googlesyndication.com/bg/z7cUAtzL1u1d_2AGWF4wFgnTveRSMJLcB1xcawACHJQ.js line 2 > eval line 6136 > eval line 1 > eval line 1 > eval, line 1: WEBGL_debug_renderer_info is deprecated in Firefox and will be removed. Please use RENDERER.
JavaScript warning: https://pagead2.googlesyndication.com/bg/z7cUAtzL1u1d_2AGWF4wFgnTveRSMJLcB1xcawACHJQ.js line 2 > eval line 1973 > eval line 1 > eval line 1 > eval, line 1: WEBGL_debug_renderer_info is deprecated in Firefox and will be removed. Please use RENDERER.
1670954749582	Marionette	INFO	Stopped listening on port 50886
JavaScript error: , line 0: TypeError: NetworkError when attempting to fetch resource.
JavaScript error: , line 0: TypeError: NetworkError when attempting to fetch resource.
JavaScript error: , line 0: TypeError: NetworkError when attempting to fetch resource.
JavaScript error: , line 0: TypeError: NetworkError when attempting to fetch resource.
console.warn: TopSitesFeed: Failed to fetch data from Contile server: NetworkError when attempting to fetch resource.
1670954796965	geckodriver	INFO	Listening on 127.0.0.1:51019
1670954800012	mozrunner::runner	INFO	Running command: "C:\\Program Files\\Mozilla Firefox\\firefox.exe" "--marionette" "--remote-debugging-port" "51020" "--remote-allow-hosts" "localhost" "-no-remote" "-profile" "C:\\Users\\Jagde\\AppData\\Local\\Temp\\rust_mozprofileNTib10"
1670954800352	Marionette	INFO	Marionette enabled
1670954800356	Marionette	INFO	Listening on port 51031
WebDriver BiDi listening on ws://127.0.0.1:51020
Read port: 51031
1670954800590	RemoteAgent	WARN	TLS certificate errors will be ignored for this session
console.warn: SearchSettings: "get: No settings file exists, new profile?" (new NotFoundError("Could not open the file at C:\\Users\\Jagde\\AppData\\Local\\Temp\\rust_mozprofileNTib10\\search.json.mozlz4", (void 0)))
DevTools listening on ws://127.0.0.1:51020/devtools/browser/3296cdb1-e1ec-4c92-ab39-73ba7bf5a27a
JavaScript warning: https://pagead2.googlesyndication.com/bg/z7cUAtzL1u1d_2AGWF4wFgnTveRSMJLcB1xcawACHJQ.js line 2 > eval line 6643 > eval line 1 > eval line 1 > eval, line 1: WEBGL_debug_renderer_info is deprecated in Firefox and will be removed. Please use RENDERER.
JavaScript warning: https://pagead2.googlesyndication.com/bg/z7cUAtzL1u1d_2AGWF4wFgnTveRSMJLcB1xcawACHJQ.js line 2 > eval line 5190 > eval line 1 > eval line 1 > eval, line 1: WEBGL_debug_renderer_info is deprecated in Firefox and will be removed. Please use RENDERER.
JavaScript warning: https://pagead2.googlesyndication.com/bg/z7cUAtzL1u1d_2AGWF4wFgnTveRSMJLcB1xcawACHJQ.js line 2 > eval line 511 > eval line 1 > eval line 1 > eval, line 1: WEBGL_debug_renderer_info is deprecated in Firefox and will be removed. Please use RENDERER.
JavaScript warning: https://pagead2.googlesyndication.com/bg/z7cUAtzL1u1d_2AGWF4wFgnTveRSMJLcB1xcawACHJQ.js line 2 > eval line 4123 > eval line 1 > eval line 1 > eval, line 1: WEBGL_debug_renderer_info is deprecated in Firefox and will be removed. Please use RENDERER.
1670954820624	Marionette	INFO	Stopped listening on port 51031
JavaScript error: , line 0: TypeError: NetworkError when attempting to fetch resource.
JavaScript error: , line 0: TypeError: NetworkError when attempting to fetch resource.
JavaScript error: , line 0: TypeError: NetworkError when attempting to fetch resource.
JavaScript error: , line 0: TypeError: NetworkError when attempting to fetch resource.
console.warn: TopSitesFeed: Failed to fetch data from Contile server: NetworkError when attempting to fetch resource.
[Parent 26424, IPC I/O Parent] WARNING: file /builds/worker/checkouts/gecko/ipc/chromium/src/base/process_util_win.cc:167
1670954841135	geckodriver	INFO	Listening on 127.0.0.1:51168
1670954844189	mozrunner::runner	INFO	Running command: "C:\\Program Files\\Mozilla Firefox\\firefox.exe" "--marionette" "--remote-debugging-port" "51169" "--remote-allow-hosts" "localhost" "-no-remote" "-profile" "C:\\Users\\Jagde\\AppData\\Local\\Temp\\rust_mozprofilenDHI1y"
1670954844523	Marionette	INFO	Marionette enabled
1670954844528	Marionette	INFO	Listening on port 51180
WebDriver BiDi listening on ws://127.0.0.1:51169
Read port: 51180
1670954844759	RemoteAgent	WARN	TLS certificate errors will be ignored for this session
console.warn: SearchSettings: "get: No settings file exists, new profile?" (new NotFoundError("Could not open the file at C:\\Users\\Jagde\\AppData\\Local\\Temp\\rust_mozprofilenDHI1y\\search.json.mozlz4", (void 0)))
DevTools listening on ws://127.0.0.1:51169/devtools/browser/8636a792-bac6-4f21-aceb-36e88d06b359
JavaScript warning: https://pagead2.googlesyndication.com/bg/z7cUAtzL1u1d_2AGWF4wFgnTveRSMJLcB1xcawACHJQ.js line 2 > eval line 4033 > eval line 1 > eval line 1 > eval, line 1: WEBGL_debug_renderer_info is deprecated in Firefox and will be removed. Please use RENDERER.
JavaScript warning: https://pagead2.googlesyndication.com/bg/z7cUAtzL1u1d_2AGWF4wFgnTveRSMJLcB1xcawACHJQ.js line 2 > eval line 6918 > eval line 1 > eval line 1 > eval, line 1: WEBGL_debug_renderer_info is deprecated in Firefox and will be removed. Please use RENDERER.
JavaScript warning: https://pagead2.googlesyndication.com/bg/z7cUAtzL1u1d_2AGWF4wFgnTveRSMJLcB1xcawACHJQ.js line 2 > eval line 7814 > eval line 1 > eval line 1 > eval, line 1: WEBGL_debug_renderer_info is deprecated in Firefox and will be removed. Please use RENDERER.
JavaScript warning: https://pagead2.googlesyndication.com/bg/z7cUAtzL1u1d_2AGWF4wFgnTveRSMJLcB1xcawACHJQ.js line 2 > eval line 5663 > eval line 1 > eval line 1 > eval, line 1: WEBGL_debug_renderer_info is deprecated in Firefox and will be removed. Please use RENDERER.
1670954853721	Marionette	INFO	Stopped listening on port 51180
JavaScript error: , line 0: TypeError: NetworkError when attempting to fetch resource.
JavaScript error: , line 0: TypeError: NetworkError when attempting to fetch resource.
JavaScript error: , line 0: TypeError: NetworkError when attempting to fetch resource.
JavaScript error: , line 0: TypeError: NetworkError when attempting to fetch resource.
console.warn: TopSitesFeed: Failed to fetch data from Contile server: NetworkError when attempting to fetch resource.
[Parent 13724, IPC I/O Parent] WARNING: file /builds/worker/checkouts/gecko/ipc/chromium/src/base/process_util_win.cc:167
1670954917399	geckodriver	INFO	Listening on 127.0.0.1:51334
1670954920447	mozrunner::runner	INFO	Running command: "C:\\Program Files\\Mozilla Firefox\\firefox.exe" "--marionette" "--remote-debugging-port" "51335" "--remote-allow-hosts" "localhost" "-no-remote" "-profile" "C:\\Users\\Jagde\\AppData\\Local\\Temp\\rust_mozprofile56F6sr"
1670954920805	Marionette	INFO	Marionette enabled
1670954920810	Marionette	INFO	Listening on port 51346
WebDriver BiDi listening on ws://127.0.0.1:51335
Read port: 51346
1670954921033	RemoteAgent	WARN	TLS certificate errors will be ignored for this session
console.warn: SearchSettings: "get: No settings file exists, new profile?" (new NotFoundError("Could not open the file at C:\\Users\\Jagde\\AppData\\Local\\Temp\\rust_mozprofile56F6sr\\search.json.mozlz4", (void 0)))
DevTools listening on ws://127.0.0.1:51335/devtools/browser/ebb6c04a-dd84-46a6-9b60-f4c7402ae4fe
JavaScript warning: https://pagead2.googlesyndication.com/bg/z7cUAtzL1u1d_2AGWF4wFgnTveRSMJLcB1xcawACHJQ.js line 2 > eval line 3090 > eval line 1 > eval line 1 > eval, line 1: WEBGL_debug_renderer_info is deprecated in Firefox and will be removed. Please use RENDERER.
JavaScript warning: https://pagead2.googlesyndication.com/bg/z7cUAtzL1u1d_2AGWF4wFgnTveRSMJLcB1xcawACHJQ.js line 2 > eval line 3901 > eval line 1 > eval line 1 > eval, line 1: WEBGL_debug_renderer_info is deprecated in Firefox and will be removed. Please use RENDERER.
JavaScript warning: https://pagead2.googlesyndication.com/bg/z7cUAtzL1u1d_2AGWF4wFgnTveRSMJLcB1xcawACHJQ.js line 2 > eval line 4248 > eval line 1 > eval line 1 > eval, line 1: WEBGL_debug_renderer_info is deprecated in Firefox and will be removed. Please use RENDERER.
JavaScript warning: https://pagead2.googlesyndication.com/bg/z7cUAtzL1u1d_2AGWF4wFgnTveRSMJLcB1xcawACHJQ.js line 2 > eval line 7610 > eval line 1 > eval line 1 > eval, line 1: WEBGL_debug_renderer_info is deprecated in Firefox and will be removed. Please use RENDERER.
JavaScript error: resource://devtools/server/actors/utils/sources-manager.js, line 432: TypeError: channel is null
JavaScript error: resource://devtools/server/actors/utils/sources-manager.js, line 432: TypeError: channel is null
JavaScript error: resource://devtools/server/actors/utils/sources-manager.js, line 432: TypeError: channel is null
JavaScript error: resource://devtools/server/actors/utils/sources-manager.js, line 432: TypeError: channel is null
JavaScript error: resource://devtools/client/inspector/rules/utils/utils.js, line 192: TypeError: rule is undefined
console.error: "isValidHoverTarget rejected with unexpected reason:"
console.error: (new TypeError("rule is undefined", "resource://devtools/client/inspector/rules/utils/utils.js", 192))
console.error: "isValidHoverTarget rejected with unexpected reason:"
console.error: (new TypeError("rule is undefined", "resource://devtools/client/inspector/rules/utils/utils.js", 192))
JavaScript warning: https://www.walmart.ca/px/PXnp9B16Cq/init.js, line 4: WEBGL_debug_renderer_info is deprecated in Firefox and will be removed. Please use RENDERER.
JavaScript error: resource://gre/modules/AsyncShutdown.jsm, line 574: NotFoundError: No such JSWindowActor 'DevToolsFrame'
JavaScript error: resource://gre/modules/AsyncShutdown.jsm, line 574: NotFoundError: No such JSWindowActor 'DevToolsFrame'
JavaScript error: resource://gre/modules/AsyncShutdown.jsm, line 574: NotFoundError: No such JSWindowActor 'DevToolsFrame'
JavaScript error: resource://gre/modules/AsyncShutdown.jsm, line 574: NotFoundError: No such JSWindowActor 'DevToolsFrame'
JavaScript error: resource://gre/modules/AsyncShutdown.jsm, line 574: NotFoundError: No such JSWindowActor 'DevToolsFrame'
JavaScript error: resource://gre/modules/AsyncShutdown.jsm, line 574: NotFoundError: No such JSWindowActor 'DevToolsFrame'
JavaScript error: resource://gre/modules/AsyncShutdown.jsm, line 574: NotFoundError: No such JSWindowActor 'DevToolsFrame'
JavaScript error: resource://gre/modules/AsyncShutdown.jsm, line 574: NotFoundError: No such JSWindowActor 'DevToolsFrame'
JavaScript error: resource://gre/modules/AsyncShutdown.jsm, line 574: NotFoundError: No such JSWindowActor 'DevToolsFrame'
JavaScript error: resource://gre/modules/AsyncShutdown.jsm, line 574: NotFoundError: No such JSWindowActor 'DevToolsFrame'
JavaScript error: resource://gre/modules/AsyncShutdown.jsm, line 574: NotFoundError: No such JSWindowActor 'DevToolsFrame'
JavaScript error: resource://gre/modules/AsyncShutdown.jsm, line 574: NotFoundError: No such JSWindowActor 'DevToolsFrame'
JavaScript error: resource://gre/modules/AsyncShutdown.jsm, line 574: NotFoundError: No such JSWindowActor 'DevToolsFrame'
JavaScript error: resource://gre/modules/AsyncShutdown.jsm, line 574: NotFoundError: No such JSWindowActor 'DevToolsFrame'
JavaScript error: resource://gre/modules/AsyncShutdown.jsm, line 574: NotFoundError: No such JSWindowActor 'DevToolsFrame'
JavaScript error: resource://gre/modules/AsyncShutdown.jsm, line 574: NotFoundError: No such JSWindowActor 'DevToolsFrame'
1670954954567	Marionette	INFO	Stopped listening on port 51346
JavaScript error: , line 0: TypeError: NetworkError when attempting to fetch resource.
JavaScript error: , line 0: TypeError: NetworkError when attempting to fetch resource.
JavaScript error: , line 0: TypeError: NetworkError when attempting to fetch resource.
JavaScript error: , line 0: TypeError: NetworkError when attempting to fetch resource.
1670954980365	geckodriver	INFO	Listening on 127.0.0.1:51493
1670954983432	mozrunner::runner	INFO	Running command: "C:\\Program Files\\Mozilla Firefox\\firefox.exe" "--marionette" "--remote-debugging-port" "51494" "--remote-allow-hosts" "localhost" "-no-remote" "-profile" "C:\\Users\\Jagde\\AppData\\Local\\Temp\\rust_mozprofilegPENkU"
1670954983770	Marionette	INFO	Marionette enabled
1670954983774	Marionette	INFO	Listening on port 51504
WebDriver BiDi listening on ws://127.0.0.1:51494
Read port: 51504
1670954984014	RemoteAgent	WARN	TLS certificate errors will be ignored for this session
console.warn: SearchSettings: "get: No settings file exists, new profile?" (new NotFoundError("Could not open the file at C:\\Users\\Jagde\\AppData\\Local\\Temp\\rust_mozprofilegPENkU\\search.json.mozlz4", (void 0)))
DevTools listening on ws://127.0.0.1:51494/devtools/browser/a0e20967-26ce-4cae-a143-feb6ec267545
JavaScript warning: https://pagead2.googlesyndication.com/bg/z7cUAtzL1u1d_2AGWF4wFgnTveRSMJLcB1xcawACHJQ.js line 2 > eval line 5534 > eval line 1 > eval line 1 > eval, line 1: WEBGL_debug_renderer_info is deprecated in Firefox and will be removed. Please use RENDERER.
JavaScript warning: https://pagead2.googlesyndication.com/bg/z7cUAtzL1u1d_2AGWF4wFgnTveRSMJLcB1xcawACHJQ.js line 2 > eval line 4169 > eval line 1 > eval line 1 > eval, line 1: WEBGL_debug_renderer_info is deprecated in Firefox and will be removed. Please use RENDERER.
JavaScript warning: https://pagead2.googlesyndication.com/bg/z7cUAtzL1u1d_2AGWF4wFgnTveRSMJLcB1xcawACHJQ.js line 2 > eval line 1438 > eval line 1 > eval line 1 > eval, line 1: WEBGL_debug_renderer_info is deprecated in Firefox and will be removed. Please use RENDERER.
JavaScript warning: https://pagead2.googlesyndication.com/bg/z7cUAtzL1u1d_2AGWF4wFgnTveRSMJLcB1xcawACHJQ.js line 2 > eval line 4715 > eval line 1 > eval line 1 > eval, line 1: WEBGL_debug_renderer_info is deprecated in Firefox and will be removed. Please use RENDERER.
JavaScript warning: https://pagead2.googlesyndication.com/bg/z7cUAtzL1u1d_2AGWF4wFgnTveRSMJLcB1xcawACHJQ.js line 2 > eval line 7546 > eval line 1 > eval line 1 > eval, line 1: WEBGL_debug_renderer_info is deprecated in Firefox and will be removed. Please use RENDERER.
1670954995638	Marionette	INFO	Stopped listening on port 51504
JavaScript error: , line 0: TypeError: NetworkError when attempting to fetch resource.
JavaScript error: , line 0: TypeError: NetworkError when attempting to fetch resource.
JavaScript error: , line 0: TypeError: NetworkError when attempting to fetch resource.
JavaScript error: , line 0: TypeError: NetworkError when attempting to fetch resource.
console.warn: TopSitesFeed: Failed to fetch data from Contile server: NetworkError when attempting to fetch resource.
1670955106078	geckodriver	INFO	Listening on 127.0.0.1:51632
1670955109121	mozrunner::runner	INFO	Running command: "C:\\Program Files\\Mozilla Firefox\\firefox.exe" "--marionette" "--remote-debugging-port" "51633" "--remote-allow-hosts" "localhost" "-no-remote" "-profile" "C:\\Users\\Jagde\\AppData\\Local\\Temp\\rust_mozprofileVvoAvO"
1670955109473	Marionette	INFO	Marionette enabled
1670955109478	Marionette	INFO	Listening on port 51643
WebDriver BiDi listening on ws://127.0.0.1:51633
Read port: 51643
1670955109716	RemoteAgent	WARN	TLS certificate errors will be ignored for this session
console.warn: SearchSettings: "get: No settings file exists, new profile?" (new NotFoundError("Could not open the file at C:\\Users\\Jagde\\AppData\\Local\\Temp\\rust_mozprofileVvoAvO\\search.json.mozlz4", (void 0)))
DevTools listening on ws://127.0.0.1:51633/devtools/browser/61678000-0f98-478e-b7fc-57ddbe15c254
JavaScript warning: https://pagead2.googlesyndication.com/bg/z7cUAtzL1u1d_2AGWF4wFgnTveRSMJLcB1xcawACHJQ.js line 2 > eval line 6424 > eval line 1 > eval line 1 > eval, line 1: WEBGL_debug_renderer_info is deprecated in Firefox and will be removed. Please use RENDERER.
JavaScript warning: https://pagead2.googlesyndication.com/bg/z7cUAtzL1u1d_2AGWF4wFgnTveRSMJLcB1xcawACHJQ.js line 2 > eval line 3268 > eval line 1 > eval line 1 > eval, line 1: WEBGL_debug_renderer_info is deprecated in Firefox and will be removed. Please use RENDERER.
JavaScript warning: https://pagead2.googlesyndication.com/bg/z7cUAtzL1u1d_2AGWF4wFgnTveRSMJLcB1xcawACHJQ.js line 2 > eval line 519 > eval line 1 > eval line 1 > eval, line 1: WEBGL_debug_renderer_info is deprecated in Firefox and will be removed. Please use RENDERER.
JavaScript warning: https://pagead2.googlesyndication.com/bg/z7cUAtzL1u1d_2AGWF4wFgnTveRSMJLcB1xcawACHJQ.js line 2 > eval line 5954 > eval line 1 > eval line 1 > eval, line 1: WEBGL_debug_renderer_info is deprecated in Firefox and will be removed. Please use RENDERER.
JavaScript warning: https://pagead2.googlesyndication.com/bg/z7cUAtzL1u1d_2AGWF4wFgnTveRSMJLcB1xcawACHJQ.js line 2 > eval line 6465 > eval line 1 > eval line 1 > eval, line 1: WEBGL_debug_renderer_info is deprecated in Firefox and will be removed. Please use RENDERER.
1670955117963	Marionette	INFO	Stopped listening on port 51643
JavaScript error: , line 0: TypeError: NetworkError when attempting to fetch resource.
JavaScript error: , line 0: TypeError: NetworkError when attempting to fetch resource.
JavaScript error: , line 0: TypeError: NetworkError when attempting to fetch resource.
JavaScript error: , line 0: TypeError: NetworkError when attempting to fetch resource.
console.warn: TopSitesFeed: Failed to fetch data from Contile server: NetworkError when attempting to fetch resource.
1670955126479	geckodriver	INFO	Listening on 127.0.0.1:51759
1670955129536	mozrunner::runner	INFO	Running command: "C:\\Program Files\\Mozilla Firefox\\firefox.exe" "--marionette" "--remote-debugging-port" "51760" "--remote-allow-hosts" "localhost" "-no-remote" "-profile" "C:\\Users\\Jagde\\AppData\\Local\\Temp\\rust_mozprofileUwr8xs"
1670955129886	Marionette	INFO	Marionette enabled
1670955129891	Marionette	INFO	Listening on port 51770
WebDriver BiDi listening on ws://127.0.0.1:51760
Read port: 51770
1670955130113	RemoteAgent	WARN	TLS certificate errors will be ignored for this session
console.warn: SearchSettings: "get: No settings file exists, new profile?" (new NotFoundError("Could not open the file at C:\\Users\\Jagde\\AppData\\Local\\Temp\\rust_mozprofileUwr8xs\\search.json.mozlz4", (void 0)))
DevTools listening on ws://127.0.0.1:51760/devtools/browser/2a9fcb1d-841e-4244-9882-57a50bafa37e
JavaScript warning: https://pagead2.googlesyndication.com/bg/z7cUAtzL1u1d_2AGWF4wFgnTveRSMJLcB1xcawACHJQ.js line 2 > eval line 2274 > eval line 1 > eval line 1 > eval, line 1: WEBGL_debug_renderer_info is deprecated in Firefox and will be removed. Please use RENDERER.
JavaScript warning: https://pagead2.googlesyndication.com/bg/z7cUAtzL1u1d_2AGWF4wFgnTveRSMJLcB1xcawACHJQ.js line 2 > eval line 342 > eval line 1 > eval line 1 > eval, line 1: WEBGL_debug_renderer_info is deprecated in Firefox and will be removed. Please use RENDERER.
JavaScript warning: https://pagead2.googlesyndication.com/bg/z7cUAtzL1u1d_2AGWF4wFgnTveRSMJLcB1xcawACHJQ.js line 2 > eval line 4892 > eval line 1 > eval line 1 > eval, line 1: WEBGL_debug_renderer_info is deprecated in Firefox and will be removed. Please use RENDERER.
JavaScript warning: https://pagead2.googlesyndication.com/bg/z7cUAtzL1u1d_2AGWF4wFgnTveRSMJLcB1xcawACHJQ.js line 2 > eval line 6496 > eval line 1 > eval line 1 > eval, line 1: WEBGL_debug_renderer_info is deprecated in Firefox and will be removed. Please use RENDERER.
JavaScript warning: https://pagead2.googlesyndication.com/bg/z7cUAtzL1u1d_2AGWF4wFgnTveRSMJLcB1xcawACHJQ.js line 2 > eval line 2682 > eval line 1 > eval line 1 > eval, line 1: WEBGL_debug_renderer_info is deprecated in Firefox and will be removed. Please use RENDERER.
1670955137017	Marionette	INFO	Stopped listening on port 51770
JavaScript error: , line 0: TypeError: NetworkError when attempting to fetch resource.
JavaScript error: , line 0: TypeError: NetworkError when attempting to fetch resource.
JavaScript error: , line 0: TypeError: NetworkError when attempting to fetch resource.
JavaScript error: , line 0: TypeError: NetworkError when attempting to fetch resource.
console.warn: TopSitesFeed: Failed to fetch data from Contile server: NetworkError when attempting to fetch resource.
[Parent 20644, IPC I/O Parent] WARNING: file /builds/worker/checkouts/gecko/ipc/chromium/src/base/process_util_win.cc:167
1670955167649	geckodriver	INFO	Listening on 127.0.0.1:51901
1670955170727	mozrunner::runner	INFO	Running command: "C:\\Program Files\\Mozilla Firefox\\firefox.exe" "--marionette" "--remote-debugging-port" "51902" "--remote-allow-hosts" "localhost" "-no-remote" "-profile" "C:\\Users\\Jagde\\AppData\\Local\\Temp\\rust_mozprofileOMRnba"
1670955171059	Marionette	INFO	Marionette enabled
1670955171063	Marionette	INFO	Listening on port 51912
Read port: 51912
WebDriver BiDi listening on ws://127.0.0.1:51902
1670955171156	RemoteAgent	WARN	TLS certificate errors will be ignored for this session
console.warn: SearchSettings: "get: No settings file exists, new profile?" (new NotFoundError("Could not open the file at C:\\Users\\Jagde\\AppData\\Local\\Temp\\rust_mozprofileOMRnba\\search.json.mozlz4", (void 0)))
DevTools listening on ws://127.0.0.1:51902/devtools/browser/f46fd0a0-ba28-4b37-a3c9-7ab52311f2b5
JavaScript warning: https://sejs.moatads.com/caratpgdcm659207531755_nlsn/moatad.js?moatClientLevel1=27155985#moatClientLevel2=6502020&moatClientLevel3=326430126&moatClientLevel4=165024013&zMoatG=ct=CA&st=BC&city=1854&dma=0&zp=V8T&bw=4&zMoatADV=9449108, line 241: WEBGL_debug_renderer_info is deprecated in Firefox and will be removed. Please use RENDERER.
JavaScript warning: https://pagead2.googlesyndication.com/bg/z7cUAtzL1u1d_2AGWF4wFgnTveRSMJLcB1xcawACHJQ.js line 2 > eval line 7533 > eval line 1 > eval line 1 > eval, line 1: WEBGL_debug_renderer_info is deprecated in Firefox and will be removed. Please use RENDERER.
JavaScript warning: https://pagead2.googlesyndication.com/bg/z7cUAtzL1u1d_2AGWF4wFgnTveRSMJLcB1xcawACHJQ.js line 2 > eval line 7397 > eval line 1 > eval line 1 > eval, line 1: WEBGL_debug_renderer_info is deprecated in Firefox and will be removed. Please use RENDERER.
JavaScript warning: https://pagead2.googlesyndication.com/bg/z7cUAtzL1u1d_2AGWF4wFgnTveRSMJLcB1xcawACHJQ.js line 2 > eval line 5369 > eval line 1 > eval line 1 > eval, line 1: WEBGL_debug_renderer_info is deprecated in Firefox and will be removed. Please use RENDERER.
JavaScript warning: https://pagead2.googlesyndication.com/bg/z7cUAtzL1u1d_2AGWF4wFgnTveRSMJLcB1xcawACHJQ.js line 2 > eval line 3046 > eval line 1 > eval line 1 > eval, line 1: WEBGL_debug_renderer_info is deprecated in Firefox and will be removed. Please use RENDERER.
JavaScript warning: https://pagead2.googlesyndication.com/bg/Jk7fixpOLBqPs8Ll1CI4HFyikeoml7Ub_Y2jZpe5d_o.js line 2 > eval line 5424 > eval line 1 > eval line 1 > eval, line 1: WEBGL_debug_renderer_info is deprecated in Firefox and will be removed. Please use RENDERER.
JavaScript warning: https://pagead2.googlesyndication.com/bg/Jk7fixpOLBqPs8Ll1CI4HFyikeoml7Ub_Y2jZpe5d_o.js line 2 > eval line 5005 > eval line 1 > eval line 1 > eval, line 1: WEBGL_debug_renderer_info is deprecated in Firefox and will be removed. Please use RENDERER.
1670955183745	Marionette	INFO	Stopped listening on port 51912
JavaScript error: , line 0: TypeError: NetworkError when attempting to fetch resource.
JavaScript error: , line 0: TypeError: NetworkError when attempting to fetch resource.
JavaScript error: , line 0: TypeError: NetworkError when attempting to fetch resource.
JavaScript error: , line 0: TypeError: NetworkError when attempting to fetch resource.
JavaScript error: , line 0: TypeError: NetworkError when attempting to fetch resource.
console.warn: TopSitesFeed: Failed to fetch data from Contile server: NetworkError when attempting to fetch resource.
[Parent 11600, IPC I/O Parent] WARNING: file /builds/worker/checkouts/gecko/ipc/chromium/src/base/process_util_win.cc:167
1670955190222	geckodriver	INFO	Listening on 127.0.0.1:52044
1670955193281	mozrunner::runner	INFO	Running command: "C:\\Program Files\\Mozilla Firefox\\firefox.exe" "--marionette" "--remote-debugging-port" "52045" "--remote-allow-hosts" "localhost" "-no-remote" "-profile" "C:\\Users\\Jagde\\AppData\\Local\\Temp\\rust_mozprofileFxd9RL"
1670955193632	Marionette	INFO	Marionette enabled
1670955193637	Marionette	INFO	Listening on port 52056
WebDriver BiDi listening on ws://127.0.0.1:52045
Read port: 52056
1670955193865	RemoteAgent	WARN	TLS certificate errors will be ignored for this session
console.warn: SearchSettings: "get: No settings file exists, new profile?" (new NotFoundError("Could not open the file at C:\\Users\\Jagde\\AppData\\Local\\Temp\\rust_mozprofileFxd9RL\\search.json.mozlz4", (void 0)))
DevTools listening on ws://127.0.0.1:52045/devtools/browser/60c3d889-0e41-4e6b-9d58-916f6ae8a7dd
JavaScript warning: https://pagead2.googlesyndication.com/bg/z7cUAtzL1u1d_2AGWF4wFgnTveRSMJLcB1xcawACHJQ.js line 2 > eval line 4997 > eval line 1 > eval line 1 > eval, line 1: WEBGL_debug_renderer_info is deprecated in Firefox and will be removed. Please use RENDERER.
JavaScript warning: https://pagead2.googlesyndication.com/bg/z7cUAtzL1u1d_2AGWF4wFgnTveRSMJLcB1xcawACHJQ.js line 2 > eval line 5898 > eval line 1 > eval line 1 > eval, line 1: WEBGL_debug_renderer_info is deprecated in Firefox and will be removed. Please use RENDERER.
JavaScript warning: https://pagead2.googlesyndication.com/bg/z7cUAtzL1u1d_2AGWF4wFgnTveRSMJLcB1xcawACHJQ.js line 2 > eval line 1741 > eval line 1 > eval line 1 > eval, line 1: WEBGL_debug_renderer_info is deprecated in Firefox and will be removed. Please use RENDERER.
JavaScript warning: https://pagead2.googlesyndication.com/bg/z7cUAtzL1u1d_2AGWF4wFgnTveRSMJLcB1xcawACHJQ.js line 2 > eval line 557 > eval line 1 > eval line 1 > eval, line 1: WEBGL_debug_renderer_info is deprecated in Firefox and will be removed. Please use RENDERER.
JavaScript warning: https://pagead2.googlesyndication.com/bg/z7cUAtzL1u1d_2AGWF4wFgnTveRSMJLcB1xcawACHJQ.js line 2 > eval line 7478 > eval line 1 > eval line 1 > eval, line 1: WEBGL_debug_renderer_info is deprecated in Firefox and will be removed. Please use RENDERER.
1670955205954	Marionette	INFO	Stopped listening on port 52056
JavaScript error: , line 0: TypeError: NetworkError when attempting to fetch resource.
JavaScript error: , line 0: TypeError: NetworkError when attempting to fetch resource.
JavaScript error: , line 0: TypeError: NetworkError when attempting to fetch resource.
JavaScript error: , line 0: TypeError: NetworkError when attempting to fetch resource.
console.warn: TopSitesFeed: Failed to fetch data from Contile server: NetworkError when attempting to fetch resource.
1670963540385	geckodriver	INFO	Listening on 127.0.0.1:57871
1670963543448	mozrunner::runner	INFO	Running command: "C:\\Program Files\\Mozilla Firefox\\firefox.exe" "--marionette" "--remote-debugging-port" "57872" "--remote-allow-hosts" "localhost" "-no-remote" "-profile" "C:\\Users\\Jagde\\AppData\\Local\\Temp\\rust_mozprofile5NJtM0"
1670963543798	Marionette	INFO	Marionette enabled
1670963543803	Marionette	INFO	Listening on port 57882
WebDriver BiDi listening on ws://127.0.0.1:57872
Read port: 57882
1670963544031	RemoteAgent	WARN	TLS certificate errors will be ignored for this session
console.warn: SearchSettings: "get: No settings file exists, new profile?" (new NotFoundError("Could not open the file at C:\\Users\\Jagde\\AppData\\Local\\Temp\\rust_mozprofile5NJtM0\\search.json.mozlz4", (void 0)))
DevTools listening on ws://127.0.0.1:57872/devtools/browser/8d6a2254-5be5-41a7-bef7-781f2613405b
JavaScript warning: https://pagead2.googlesyndication.com/bg/z7cUAtzL1u1d_2AGWF4wFgnTveRSMJLcB1xcawACHJQ.js line 2 > eval line 1098 > eval line 1 > eval line 1 > eval, line 1: WEBGL_debug_renderer_info is deprecated in Firefox and will be removed. Please use RENDERER.
JavaScript warning: https://pagead2.googlesyndication.com/bg/z7cUAtzL1u1d_2AGWF4wFgnTveRSMJLcB1xcawACHJQ.js line 2 > eval line 7452 > eval line 1 > eval line 1 > eval, line 1: WEBGL_debug_renderer_info is deprecated in Firefox and will be removed. Please use RENDERER.
JavaScript warning: https://pagead2.googlesyndication.com/bg/z7cUAtzL1u1d_2AGWF4wFgnTveRSMJLcB1xcawACHJQ.js line 2 > eval line 5014 > eval line 1 > eval line 1 > eval, line 1: WEBGL_debug_renderer_info is deprecated in Firefox and will be removed. Please use RENDERER.
JavaScript warning: https://pagead2.googlesyndication.com/bg/z7cUAtzL1u1d_2AGWF4wFgnTveRSMJLcB1xcawACHJQ.js line 2 > eval line 301 > eval line 1 > eval line 1 > eval, line 1: WEBGL_debug_renderer_info is deprecated in Firefox and will be removed. Please use RENDERER.
JavaScript warning: https://pagead2.googlesyndication.com/bg/z7cUAtzL1u1d_2AGWF4wFgnTveRSMJLcB1xcawACHJQ.js line 2 > eval line 450 > eval line 1 > eval line 1 > eval, line 1: WEBGL_debug_renderer_info is deprecated in Firefox and will be removed. Please use RENDERER.
JavaScript error: resource://devtools/server/actors/utils/sources-manager.js, line 432: TypeError: channel is null
JavaScript error: resource://devtools/server/actors/utils/sources-manager.js, line 432: TypeError: channel is null
JavaScript error: resource://devtools/server/actors/utils/sources-manager.js, line 432: TypeError: channel is null
JavaScript error: resource://devtools/server/actors/utils/sources-manager.js, line 432: TypeError: channel is null
JavaScript error: resource://gre/modules/AsyncShutdown.jsm, line 574: NotFoundError: No such JSWindowActor 'DevToolsFrame'
JavaScript error: resource://gre/modules/AsyncShutdown.jsm, line 574: NotFoundError: No such JSWindowActor 'DevToolsFrame'
JavaScript error: resource://gre/modules/AsyncShutdown.jsm, line 574: NotFoundError: No such JSWindowActor 'DevToolsFrame'
JavaScript error: resource://gre/modules/AsyncShutdown.jsm, line 574: NotFoundError: No such JSWindowActor 'DevToolsFrame'
JavaScript error: resource://gre/modules/AsyncShutdown.jsm, line 574: NotFoundError: No such JSWindowActor 'DevToolsFrame'
JavaScript error: resource://gre/modules/AsyncShutdown.jsm, line 574: NotFoundError: No such JSWindowActor 'DevToolsFrame'
JavaScript error: resource://gre/modules/AsyncShutdown.jsm, line 574: NotFoundError: No such JSWindowActor 'DevToolsFrame'
JavaScript error: resource://gre/modules/AsyncShutdown.jsm, line 574: NotFoundError: No such JSWindowActor 'DevToolsFrame'
JavaScript error: resource://gre/modules/AsyncShutdown.jsm, line 574: NotFoundError: No such JSWindowActor 'DevToolsFrame'
JavaScript error: resource://gre/modules/AsyncShutdown.jsm, line 574: NotFoundError: No such JSWindowActor 'DevToolsFrame'
JavaScript error: resource://gre/modules/AsyncShutdown.jsm, line 574: NotFoundError: No such JSWindowActor 'DevToolsFrame'
JavaScript error: resource://gre/modules/AsyncShutdown.jsm, line 574: NotFoundError: No such JSWindowActor 'DevToolsFrame'
JavaScript error: resource://gre/modules/AsyncShutdown.jsm, line 574: NotFoundError: No such JSWindowActor 'DevToolsFrame'
JavaScript error: resource://gre/modules/AsyncShutdown.jsm, line 574: NotFoundError: No such JSWindowActor 'DevToolsFrame'
JavaScript error: resource://gre/modules/AsyncShutdown.jsm, line 574: NotFoundError: No such JSWindowActor 'DevToolsFrame'
JavaScript error: resource://gre/modules/AsyncShutdown.jsm, line 574: NotFoundError: No such JSWindowActor 'DevToolsFrame'
JavaScript error: resource://gre/modules/AsyncShutdown.jsm, line 574: NotFoundError: No such JSWindowActor 'DevToolsFrame'
JavaScript error: resource://gre/modules/AsyncShutdown.jsm, line 574: NotFoundError: No such JSWindowActor 'DevToolsFrame'
1670963568338	Marionette	INFO	Stopped listening on port 57882
JavaScript error: , line 0: TypeError: NetworkError when attempting to fetch resource.
JavaScript error: , line 0: TypeError: NetworkError when attempting to fetch resource.
JavaScript error: , line 0: TypeError: NetworkError when attempting to fetch resource.
JavaScript error: , line 0: TypeError: NetworkError when attempting to fetch resource.
1670964157028	geckodriver	INFO	Listening on 127.0.0.1:52919
1670964160084	mozrunner::runner	INFO	Running command: "C:\\Program Files\\Mozilla Firefox\\firefox.exe" "--marionette" "--remote-debugging-port" "52920" "--remote-allow-hosts" "localhost" "-no-remote" "-profile" "C:\\Users\\Jagde\\AppData\\Local\\Temp\\rust_mozprofilePBfaz0"
1670964160441	Marionette	INFO	Marionette enabled
1670964160446	Marionette	INFO	Listening on port 52932
WebDriver BiDi listening on ws://127.0.0.1:52920
Read port: 52932
1670964160677	RemoteAgent	WARN	TLS certificate errors will be ignored for this session
console.warn: SearchSettings: "get: No settings file exists, new profile?" (new NotFoundError("Could not open the file at C:\\Users\\Jagde\\AppData\\Local\\Temp\\rust_mozprofilePBfaz0\\search.json.mozlz4", (void 0)))
DevTools listening on ws://127.0.0.1:52920/devtools/browser/ce0c965b-bc02-4a3c-977a-c3649ebb5776
JavaScript warning: https://pagead2.googlesyndication.com/bg/z7cUAtzL1u1d_2AGWF4wFgnTveRSMJLcB1xcawACHJQ.js line 2 > eval line 3162 > eval line 1 > eval line 1 > eval, line 1: WEBGL_debug_renderer_info is deprecated in Firefox and will be removed. Please use RENDERER.
JavaScript warning: https://pagead2.googlesyndication.com/bg/z7cUAtzL1u1d_2AGWF4wFgnTveRSMJLcB1xcawACHJQ.js line 2 > eval line 2138 > eval line 1 > eval line 1 > eval, line 1: WEBGL_debug_renderer_info is deprecated in Firefox and will be removed. Please use RENDERER.
JavaScript warning: https://pagead2.googlesyndication.com/bg/z7cUAtzL1u1d_2AGWF4wFgnTveRSMJLcB1xcawACHJQ.js line 2 > eval line 6761 > eval line 1 > eval line 1 > eval, line 1: WEBGL_debug_renderer_info is deprecated in Firefox and will be removed. Please use RENDERER.
JavaScript warning: https://pagead2.googlesyndication.com/bg/z7cUAtzL1u1d_2AGWF4wFgnTveRSMJLcB1xcawACHJQ.js line 2 > eval line 4087 > eval line 1 > eval line 1 > eval, line 1: WEBGL_debug_renderer_info is deprecated in Firefox and will be removed. Please use RENDERER.
JavaScript warning: https://pagead2.googlesyndication.com/bg/z7cUAtzL1u1d_2AGWF4wFgnTveRSMJLcB1xcawACHJQ.js line 2 > eval line 5787 > eval line 1 > eval line 1 > eval, line 1: WEBGL_debug_renderer_info is deprecated in Firefox and will be removed. Please use RENDERER.
JavaScript warning: https://www.walmart.ca/px/PXnp9B16Cq/init.js, line 4: WEBGL_debug_renderer_info is deprecated in Firefox and will be removed. Please use RENDERER.
1670964471505	Marionette	INFO	Stopped listening on port 52932
JavaScript error: , line 0: TypeError: NetworkError when attempting to fetch resource.
JavaScript error: , line 0: TypeError: NetworkError when attempting to fetch resource.
JavaScript error: , line 0: TypeError: NetworkError when attempting to fetch resource.
JavaScript error: , line 0: TypeError: NetworkError when attempting to fetch resource.
console.warn: TopSitesFeed: Failed to fetch data from Contile server: NetworkError when attempting to fetch resource.
WARN	TLS certificate errors will be ignored for this session
console.warn: SearchSettings: "get: No settings file exists, new profile?" (new NotFoundError("Could not open the file at C:\\Users\\Jagde\\AppData\\Local\\Temp\\rust_mozprofilev99en1\\search.json.mozlz4", (void 0)))
DevTools listening on ws://127.0.0.1:52111/devtools/browser/4747fab9-f22e-48af-9d1b-b41fa2811e51
JavaScript warning: https://pagead2.googlesyndication.com/bg/z7cUAtzL1u1d_2AGWF4wFgnTveRSMJLcB1xcawACHJQ.js line 2 > eval line 1168 > eval line 1 > eval line 1 > eval, line 1: WEBGL_debug_renderer_info is deprecated in Firefox and will be removed. Please use RENDERER.
JavaScript warning: https://pagead2.googlesyndication.com/bg/z7cUAtzL1u1d_2AGWF4wFgnTveRSMJLcB1xcawACHJQ.js line 2 > eval line 7192 > eval line 1 > eval line 1 > eval, line 1: WEBGL_debug_renderer_info is deprecated in Firefox and will be removed. Please use RENDERER.
JavaScript warning: https://pagead2.googlesyndication.com/bg/z7cUAtzL1u1d_2AGWF4wFgnTveRSMJLcB1xcawACHJQ.js line 2 > eval line 5230 > eval line 1 > eval line 1 > eval, line 1: WEBGL_debug_renderer_info is deprecated in Firefox and will be removed. Please use RENDERER.
JavaScript warning: https://pagead2.googlesyndication.com/bg/z7cUAtzL1u1d_2AGWF4wFgnTveRSMJLcB1xcawACHJQ.js line 2 > eval line 275 > eval line 1 > eval line 1 > eval, line 1: WEBGL_debug_renderer_info is deprecated in Firefox and will be removed. Please use RENDERER.
JavaScript warning: https://pagead2.googlesyndication.com/bg/z7cUAtzL1u1d_2AGWF4wFgnTveRSMJLcB1xcawACHJQ.js line 2 > eval line 1280 > eval line 1 > eval line 1 > eval, line 1: WEBGL_debug_renderer_info is deprecated in Firefox and will be removed. Please use RENDERER.
1670964412323	Marionette	INFO	Stopped listening on port 52122
JavaScript error: , line 0: TypeError: NetworkError when attempting to fetch resource.
JavaScript error: , line 0: TypeError: NetworkError when attempting to fetch resource.
JavaScript error: , line 0: TypeError: NetworkError when attempting to fetch resource.
JavaScript error: , line 0: TypeError: NetworkError when attempting to fetch resource.
console.warn: TopSitesFeed: Failed to fetch data from Contile server: NetworkError when attempting to fetch resource.
[Parent 18672, IPC I/O Parent] WARNING: file /builds/worker/checkouts/gecko/ipc/chromium/src/base/process_util_win.cc:167
1670964420943	geckodriver	INFO	Listening on 127.0.0.1:52251
1670964424018	mozrunner::runner	INFO	Running command: "C:\\Program Files\\Mozilla Firefox\\firefox.exe" "--marionette" "--remote-debugging-port" "52252" "--remote-allow-hosts" "localhost" "-no-remote" "-profile" "C:\\Users\\Jagde\\AppData\\Local\\Temp\\rust_mozprofileX80sEE"
1670964424349	Marionette	INFO	Marionette enabled
1670964424354	Marionette	INFO	Listening on port 52263
Read port: 52263
WebDriver BiDi listening on ws://127.0.0.1:52252
1670964424445	RemoteAgent	WARN	TLS certificate errors will be ignored for this session
console.warn: SearchSettings: "get: No settings file exists, new profile?" (new NotFoundError("Could not open the file at C:\\Users\\Jagde\\AppData\\Local\\Temp\\rust_mozprofileX80sEE\\search.json.mozlz4", (void 0)))
DevTools listening on ws://127.0.0.1:52252/devtools/browser/a1f5cec8-2f6a-488f-87d0-64ff7c45890a
JavaScript warning: https://pagead2.googlesyndication.com/bg/z7cUAtzL1u1d_2AGWF4wFgnTveRSMJLcB1xcawACHJQ.js line 2 > eval line 6492 > eval line 1 > eval line 1 > eval, line 1: WEBGL_debug_renderer_info is deprecated in Firefox and will be removed. Please use RENDERER.
JavaScript warning: https://pagead2.googlesyndication.com/bg/z7cUAtzL1u1d_2AGWF4wFgnTveRSMJLcB1xcawACHJQ.js line 2 > eval line 7227 > eval line 1 > eval line 1 > eval, line 1: WEBGL_debug_renderer_info is deprecated in Firefox and will be removed. Please use RENDERER.
JavaScript warning: https://pagead2.googlesyndication.com/bg/z7cUAtzL1u1d_2AGWF4wFgnTveRSMJLcB1xcawACHJQ.js line 2 > eval line 5922 > eval line 1 > eval line 1 > eval, line 1: WEBGL_debug_renderer_info is deprecated in Firefox and will be removed. Please use RENDERER.
JavaScript warning: https://pagead2.googlesyndication.com/bg/z7cUAtzL1u1d_2AGWF4wFgnTveRSMJLcB1xcawACHJQ.js line 2 > eval line 2077 > eval line 1 > eval line 1 > eval, line 1: WEBGL_debug_renderer_info is deprecated in Firefox and will be removed. Please use RENDERER.
1670964438426	Marionette	INFO	Stopped listening on port 52263
JavaScript error: , line 0: TypeError: NetworkError when attempting to fetch resource.
JavaScript error: , line 0: TypeError: NetworkError when attempting to fetch resource.
JavaScript error: , line 0: TypeError: NetworkError when attempting to fetch resource.
JavaScript error: , line 0: TypeError: NetworkError when attempting to fetch resource.
[Parent 16084, IPC I/O Parent] WARNING: file /builds/worker/checkouts/gecko/ipc/chromium/src/base/process_util_win.cc:167
console.warn: TopSitesFeed: Failed to fetch data from Contile server: NetworkError when attempting to fetch resource.
1671906846451	geckodriver	INFO	Listening on 127.0.0.1:59435
1671906849505	mozrunner::runner	INFO	Running command: "C:\\Program Files\\Mozilla Firefox\\firefox.exe" "--marionette" "--remote-debugging-port" "59436" "--remote-allow-hosts" "localhost" "-no-remote" "-profile" "C:\\Users\\Jagde\\AppData\\Local\\Temp\\rust_mozprofileseJp2s"
1671906849957	Marionette	INFO	Marionette enabled
1671906849963	Marionette	INFO	Listening on port 59448
WebDriver BiDi listening on ws://127.0.0.1:59436
Read port: 59448
1671906850217	RemoteAgent	WARN	TLS certificate errors will be ignored for this session
console.warn: SearchSettings: "get: No settings file exists, new profile?" (new NotFoundError("Could not open the file at C:\\Users\\Jagde\\AppData\\Local\\Temp\\rust_mozprofileseJp2s\\search.json.mozlz4", (void 0)))
DevTools listening on ws://127.0.0.1:59436/devtools/browser/80df6b59-0178-4658-b759-a1fac07bfd69
JavaScript warning: https://pagead2.googlesyndication.com/bg/QDrzY6hqzGh0aYGUuTA1ex70oaN1LFGaXyg_pTqcRvs.js line 2 > eval line 2474 > eval line 1 > eval line 1 > eval, line 1: WEBGL_debug_renderer_info is deprecated in Firefox and will be removed. Please use RENDERER.
JavaScript warning: https://pagead2.googlesyndication.com/bg/QDrzY6hqzGh0aYGUuTA1ex70oaN1LFGaXyg_pTqcRvs.js line 2 > eval line 275 > eval line 1 > eval line 1 > eval, line 1: WEBGL_debug_renderer_info is deprecated in Firefox and will be removed. Please use RENDERER.
JavaScript warning: https://pagead2.googlesyndication.com/bg/QDrzY6hqzGh0aYGUuTA1ex70oaN1LFGaXyg_pTqcRvs.js line 2 > eval line 6677 > eval line 1 > eval line 1 > eval, line 1: WEBGL_debug_renderer_info is deprecated in Firefox and will be removed. Please use RENDERER.
JavaScript warning: https://pagead2.googlesyndication.com/bg/QDrzY6hqzGh0aYGUuTA1ex70oaN1LFGaXyg_pTqcRvs.js line 2 > eval line 7360 > eval line 1 > eval line 1 > eval, line 1: WEBGL_debug_renderer_info is deprecated in Firefox and will be removed. Please use RENDERER.
JavaScript warning: https://pagead2.googlesyndication.com/bg/QDrzY6hqzGh0aYGUuTA1ex70oaN1LFGaXyg_pTqcRvs.js line 2 > eval line 2913 > eval line 1 > eval line 1 > eval, line 1: WEBGL_debug_renderer_info is deprecated in Firefox and will be removed. Please use RENDERER.
JavaScript warning: https://www.walmart.ca/px/PXnp9B16Cq/init.js, line 4: WEBGL_debug_renderer_info is deprecated in Firefox and will be removed. Please use RENDERER.
1671906880292	Marionette	INFO	Stopped listening on port 59448
JavaScript error: , line 0: TypeError: NetworkError when attempting to fetch resource.
JavaScript error: , line 0: TypeError: NetworkError when attempting to fetch resource.
JavaScript error: , line 0: TypeError: NetworkError when attempting to fetch resource.
JavaScript error: , line 0: TypeError: NetworkError when attempting to fetch resource.
console.warn: TopSitesFeed: Failed to fetch data from Contile server: NetworkError when attempting to fetch resource.
WARNING: A blocker encountered an error while we were waiting.
          Blocker:  Waiting for ping task
          Phase: TelemetryController: Waiting for pending ping activity
          State: (none)
WARNING: Error: Phase "profile-before-change" is finished, it is too late to register completion condition "OS.File: flush I/O queued before profileBeforeChange"
WARNING: addBlocker@resource://gre/modules/AsyncShutdown.jsm:703:15
addBlocker@resource://gre/modules/AsyncShutdown.jsm:511:26
addBlocker@resource://gre/modules/AsyncShutdown.jsm:450:15
setupShutdown@resource://gre/modules/osfile/osfile_async_front.jsm:1563:28
@resource://gre/modules/osfile/osfile_async_front.jsm:1583:16
@resource://gre/modules/osfile.jsm:12:30
@resource://gre/modules/TelemetryStorage.jsm:19:28
promiseArchivePing@resource://gre/modules/TelemetryArchive.jsm:103:5
promiseArchivePing@resource://gre/modules/TelemetryArchive.jsm:63:33
_submitPingLogic@resource://gre/modules/TelemetryControllerParent.jsm:540:48
send@resource://gre/modules/TelemetryControllerParent.jsm:628:24
submitExternalPing@resource://gre/modules/TelemetryControllerParent.jsm:182:17
sendPing@resource://gre/modules/EventPing.jsm:51:30
_submitPing@resource://gre/modules/EventPing.jsm:229:12
shutdown@resource://gre/modules/EventPing.jsm:112:10
_cleanupOnShutdown@resource://gre/modules/TelemetryControllerParent.jsm:940:31
shutdown/<@resource://gre/modules/TelemetryControllerParent.jsm:1010:24
observe@resource://gre/modules/AsyncShutdown.jsm:560:16

WARNING: A blocker encountered an error while we were waiting.
          Blocker:  Waiting for ping task
          Phase: TelemetryController: Waiting for pending ping activity
          State: (none)
WARNING: Error: Phase "profile-before-change" is finished, it is too late to register completion condition "OS.File: flush I/O queued before profileBeforeChange"
WARNING: addBlocker@resource://gre/modules/AsyncShutdown.jsm:703:15
addBlocker@resource://gre/modules/AsyncShutdown.jsm:511:26
addBlocker@resource://gre/modules/AsyncShutdown.jsm:450:15
setupShutdown@resource://gre/modules/osfile/osfile_async_front.jsm:1563:28
@resource://gre/modules/osfile/osfile_async_front.jsm:1583:16
@resource://gre/modules/osfile.jsm:12:30
@resource://gre/modules/TelemetryStorage.jsm:19:28
promiseArchivePing@resource://gre/modules/TelemetryArchive.jsm:103:5
promiseArchivePing@resource://gre/modules/TelemetryArchive.jsm:63:33
_submitPingLogic@resource://gre/modules/TelemetryControllerParent.jsm:540:48
send@resource://gre/modules/TelemetryControllerParent.jsm:628:24
submitExternalPing@resource://gre/modules/TelemetryControllerParent.jsm:182:17
saveShutdownPings@resource://gre/modules/TelemetrySession.jsm:982:34
shutdownChromeProcess/cleanup/<@resource://gre/modules/TelemetrySession.jsm:1232:20
cleanup@resource://gre/modules/TelemetrySession.jsm:1239:9
shutdownChromeProcess@resource://gre/modules/TelemetrySession.jsm:1256:14
shutdown@resource://gre/modules/TelemetrySession.jsm:247:17
_cleanupOnShutdown@resource://gre/modules/TelemetryControllerParent.jsm:959:35
observe@resource://gre/modules/AsyncShutdown.jsm:560:16

WARNING: A blocker encountered an error while we were waiting.
          Blocker:  Waiting for ping task
          Phase: TelemetryController: Waiting for pending ping activity
          State: (none)
WARNING: Error: Phase "profile-before-change" is finished, it is too late to register completion condition "OS.File: flush I/O queued before profileBeforeChange"
WARNING: addBlocker@resource://gre/modules/AsyncShutdown.jsm:703:15
addBlocker@resource://gre/modules/AsyncShutdown.jsm:511:26
addBlocker@resource://gre/modules/AsyncShutdown.jsm:450:15
setupShutdown@resource://gre/modules/osfile/osfile_async_front.jsm:1563:28
@resource://gre/modules/osfile/osfile_async_front.jsm:1583:16
@resource://gre/modules/osfile.jsm:12:30
@resource://gre/modules/TelemetryStorage.jsm:19:28
promiseArchivePing@resource://gre/modules/TelemetryArchive.jsm:103:5
promiseArchivePing@resource://gre/modules/TelemetryArchive.jsm:63:33
_submitPingLogic@resource://gre/modules/TelemetryControllerParent.jsm:540:48
send@resource://gre/modules/TelemetryControllerParent.jsm:628:24
submitExternalPing@resource://gre/modules/TelemetryControllerParent.jsm:182:17
saveShutdownPings@resource://gre/modules/TelemetrySession.jsm:1014:36
shutdownChromeProcess/cleanup/<@resource://gre/modules/TelemetrySession.jsm:1232:20
cleanup@resource://gre/modules/TelemetrySession.jsm:1239:9
shutdownChromeProcess@resource://gre/modules/TelemetrySession.jsm:1256:14
shutdown@resource://gre/modules/TelemetrySession.jsm:247:17
_cleanupOnShutdown@resource://gre/modules/TelemetryControllerParent.jsm:959:35
observe@resource://gre/modules/AsyncShutdown.jsm:560:16

WARNING: A blocker encountered an error while we were waiting.
          Blocker:  TelemetryController: shutting down
          Phase: profile-before-change-telemetry
          State: Error getting state: Error: Phase "profile-before-change" is finished, it is too late to register completion condition "OS.File: flush I/O queued before profileBeforeChange" at addBlocker@resource://gre/modules/AsyncShutdown.jsm:703:15
addBlocker@resource://gre/modules/AsyncShutdown.jsm:511:26
addBlocker@resource://gre/modules/AsyncShutdown.jsm:450:15
setupShutdown@resource://gre/modules/osfile/osfile_async_front.jsm:1563:28
@resource://gre/modules/osfile/osfile_async_front.jsm:1583:16
@resource://gre/modules/osfile.jsm:12:30
@resource://gre/modules/TelemetryStorage.jsm:19:28
getShutdownState@resource://gre/modules/TelemetrySend.jsm:1687:7
getShutdownState@resource://gre/modules/TelemetrySend.jsm:369:30
_getState@resource://gre/modules/TelemetryControllerParent.jsm:1058:38
setupTelemetry/<@resource://gre/modules/TelemetryControllerParent.jsm:917:18
safeGetState@resource://gre/modules/AsyncShutdown.jsm:242:17
Barrier/addBlocker/promise<@resource://gre/modules/AsyncShutdown.jsm:751:20
observe@resource://gre/modules/AsyncShutdown.jsm:560:16

WARNING: Error: Phase "profile-before-change" is finished, it is too late to register completion condition "OS.File: flush I/O queued before profileBeforeChange"
WARNING: addBlocker@resource://gre/modules/AsyncShutdown.jsm:703:15
addBlocker@resource://gre/modules/AsyncShutdown.jsm:511:26
addBlocker@resource://gre/modules/AsyncShutdown.jsm:450:15
setupShutdown@resource://gre/modules/osfile/osfile_async_front.jsm:1563:28
@resource://gre/modules/osfile/osfile_async_front.jsm:1583:16
@resource://gre/modules/osfile.jsm:12:30
@resource://gre/modules/TelemetryStorage.jsm:19:28
removeAbortedSessionPing@resource://gre/modules/TelemetryControllerParent.jsm:721:5
removeAbortedSessionPing@resource://gre/modules/TelemetryControllerParent.jsm:249:17
shutdownChromeProcess/cleanup/<@resource://gre/modules/TelemetrySession.jsm:1235:42
observe@resource://gre/modules/AsyncShutdown.jsm:560:16

JavaScript error: resource://gre/modules/AsyncShutdown.jsm, line 703: Error: Phase "profile-before-change" is finished, it is too late to register completion condition "OS.File: flush I/O queued before profileBeforeChange"
JavaScript error: resource://gre/modules/AsyncShutdown.jsm, line 703: Error: Phase "profile-before-change" is finished, it is too late to register completion condition "OS.File: flush I/O queued before profileBeforeChange"
JavaScript error: resource://gre/modules/AsyncShutdown.jsm, line 703: Error: Phase "profile-before-change" is finished, it is too late to register completion condition "OS.File: flush I/O queued before profileBeforeChange"
JavaScript error: resource://gre/modules/AsyncShutdown.jsm, line 703: Error: Phase "profile-before-change" is finished, it is too late to register completion condition "OS.File: flush I/O queued before profileBeforeChange"
JavaScript error: resource://gre/modules/AsyncShutdown.jsm, line 703: Error: Phase "profile-before-change" is finished, it is too late to register completion condition "OS.File: flush I/O queued before profileBeforeChange"
JavaScript error: resource://gre/modules/AsyncShutdown.jsm, line 703: Error: Phase "profile-before-change" is finished, it is too late to register completion condition "OS.File: flush I/O queued before profileBeforeChange"
1671910041549	geckodriver	INFO	Listening on 127.0.0.1:52851
1671910044586	mozrunner::runner	INFO	Running command: "C:\\Program Files\\Mozilla Firefox\\firefox.exe" "--marionette" "--headless" "--remote-debugging-port" "52852" "--remote-allow-hosts" "localhost" "-no-remote" "-profile" "C:\\Users\\Jagde\\AppData\\Local\\Temp\\rust_mozprofilefxFUpA"
*** You are running in headless mode.
1671910045238	Marionette	INFO	Marionette enabled
1671910045247	Marionette	INFO	Listening on port 52863
Read port: 52863
WebDriver BiDi listening on ws://127.0.0.1:52852
1671910045435	RemoteAgent	WARN	TLS certificate errors will be ignored for this session
[GFX1-]: RenderCompositorSWGL failed mapping default framebuffer, no dt
console.warn: SearchSettings: "get: No settings file exists, new profile?" (new NotFoundError("Could not open the file at C:\\Users\\Jagde\\AppData\\Local\\Temp\\rust_mozprofilefxFUpA\\search.json.mozlz4", (void 0)))
DevTools listening on ws://127.0.0.1:52852/devtools/browser/2b2f5908-81a0-425b-9a74-38fcb730803f
JavaScript warning: https://pagead2.googlesyndication.com/bg/QDrzY6hqzGh0aYGUuTA1ex70oaN1LFGaXyg_pTqcRvs.js line 2 > eval line 7164 > eval line 1 > eval line 1 > eval, line 1: WEBGL_debug_renderer_info is deprecated in Firefox and will be removed. Please use RENDERER.
JavaScript warning: https://pagead2.googlesyndication.com/bg/QDrzY6hqzGh0aYGUuTA1ex70oaN1LFGaXyg_pTqcRvs.js line 2 > eval line 3349 > eval line 1 > eval line 1 > eval, line 1: WEBGL_debug_renderer_info is deprecated in Firefox and will be removed. Please use RENDERER.
JavaScript warning: https://pagead2.googlesyndication.com/bg/QDrzY6hqzGh0aYGUuTA1ex70oaN1LFGaXyg_pTqcRvs.js line 2 > eval line 720 > eval line 1 > eval line 1 > eval, line 1: WEBGL_debug_renderer_info is deprecated in Firefox and will be removed. Please use RENDERER.
JavaScript warning: https://pagead2.googlesyndication.com/bg/QDrzY6hqzGh0aYGUuTA1ex70oaN1LFGaXyg_pTqcRvs.js line 2 > eval line 7738 > eval line 1 > eval line 1 > eval, line 1: WEBGL_debug_renderer_info is deprecated in Firefox and will be removed. Please use RENDERER.
JavaScript warning: https://pagead2.googlesyndication.com/bg/QDrzY6hqzGh0aYGUuTA1ex70oaN1LFGaXyg_pTqcRvs.js line 2 > eval line 6686 > eval line 1 > eval line 1 > eval, line 1: WEBGL_debug_renderer_info is deprecated in Firefox and will be removed. Please use RENDERER.
JavaScript warning: https://www.walmart.ca/px/PXnp9B16Cq/init.js, line 4: WEBGL_debug_renderer_info is deprecated in Firefox and will be removed. Please use RENDERER.
1671911962269	geckodriver	INFO	Listening on 127.0.0.1:57153
1671911965298	mozrunner::runner	INFO	Running command: "C:\\Program Files\\Mozilla Firefox\\firefox.exe" "--marionette" "--headless" "--remote-debugging-port" "57154" "--remote-allow-hosts" "localhost" "-no-remote" "-profile" "C:\\Users\\Jagde\\AppData\\Local\\Temp\\rust_mozprofileuQMVNF"
*** You are running in headless mode.
1671911965891	Marionette	INFO	Marionette enabled
1671911965898	Marionette	INFO	Listening on port 57165
Read port: 57165
WebDriver BiDi listening on ws://127.0.0.1:57154
1671911966041	RemoteAgent	WARN	TLS certificate errors will be ignored for this session
[GFX1-]: RenderCompositorSWGL failed mapping default framebuffer, no dt
console.warn: SearchSettings: "get: No settings file exists, new profile?" (new NotFoundError("Could not open the file at C:\\Users\\Jagde\\AppData\\Local\\Temp\\rust_mozprofileuQMVNF\\search.json.mozlz4", (void 0)))
DevTools listening on ws://127.0.0.1:57154/devtools/browser/bc024f9f-0c44-4aaa-8c6e-7c8fb8eb0b36
JavaScript warning: https://pagead2.googlesyndication.com/bg1671911975221	mozrunner::runner	INFO	Running command: "C:\\Program Files\\Mozilla Firefox\\firefox.exe" "--marionette" "--headless" "--remote-debugging-port" "57242" "--remote-allow-hosts" "localhost" "-no-remote" "-profile" "C:\\Users\\Jagde\\AppData\\Local\\Temp\\rust_mozprofileWKdSzA"
*** You are running in headless mode.
1671911975752	Marionette	INFO	Marionette enabled
1671911975759	Marionette	INFO	Listening on port 57280
Read port: 57280
WebDriver BiDi listening on ws://127.0.0.1:57242
1671911975939	RemoteAgent	WARN	TLS certificate errors will be ignored for this session
[GFX1-]: RenderCompositorSWGL failed mapping default framebuffer, no dt
console.warn: SearchSettings: "get: No settings file exists, new profile?" (new NotFoundError("Could not open the file at C:\\Users\\Jagde\\AppData\\Local\\Temp\\rust_mozprofileWKdSzA\\search.json.mozlz4", (void 0)))
DevTools listening on ws://127.0.0.1:57242/devtools/browser/a70804c1-f980-4793-9314-13d2e4f1f9d1
JavaScript warning: https://pagead2.googlesyndication.com/bg/QDrzY6hqzGh0aYGUuTA1ex70oaN1LFGaXyg_pTqcRvs.js line 2 > eval line 2873 > eval line 1 > eval line 1 > eval, line 1: WEBGL_debug_renderer_info is deprecated in Firefox and will be removed. Please use RENDERER.
JavaScript warning: https://pagead2.googleJavaScript warning: https://www.walmart.ca/px/PXnp9B16Cq/init.js, line 4: WEBGL_debug_renderer_info is deprecated in Firefox and will be removed. Please use RENDERER.
cated in Firefox and will be removed. Please use RENDERER.
JavaScript warning: https://pagead2.googlesyndication.com/bg/QDrzY6hqzGh0aYGUuTA1ex70oaN1LFGaXyg_pTqcRvs.js line 2 > eval line 7228 > eval line 1 > eval line 1 > eval, line 1: WEBGL_debug_renderer_info is deprecated in Firefox and will be removed. Please use RENDERER.
JavaScript warning: https://pagead2.googlesyndication.com/bg/QDrzY6hqzGh0aYGUuTA1ex70oaN1LFGaXyg_pTqcRvs.js line 2 > eval line 1674 > eval line 1 > eval line 1 > eval, line 1: WEBGL_debug_renderer_info is deprecated in Firefox and will be removed. Please use RENDERER.
JavaScript warning: https://pagead2.googlesyndication.com/bg/QDrzY6hqzGh0aYGUuTA1ex70oaN1LFGaXyg_pTqcRvs.js line 2 > eval line 2153 > eval line 1 > eval line 1 > eval, line 1: WEBGL_debug_renderer_info is deprecated in Firefox and will be removed. Please use RENDERER.
JavaScript warning: https://www.walmart.ca/px/PXnp9B16Cq/init.js, line 4: WEBGL_debug_renderer_info is deprecated in Firefox and will be removed. Please use RENDERER.
arionette" "--headless" "--remote-debugging-port" "57398" "--remote-allow-hosts" "localhost" "-no-remote" "-profile" "C:\\Users\\Jagde\\AppData\\Local\\Temp\\rust_mozprofilemtKNBS"
*** You are running in headless mode.
1671911990383	Marionette	INFO	Marionette enabled
1671911990392	Marionette	INFO	Listening on port 57413
Read port: 57413
WebDriver BiDi listening on ws://127.0.0.1:57398
1671911990573	RemoteAgent	WARN	TLS certificate errors will be ignored for this session
[GFX1-]: RenderCompositorSWGL failed mapping default framebuffer, no dt
console.warn: SearchSettings: "get: No settings file exists, new profile?" (new NotFoundError("Could not open the file at C:\\Users\\Jagde\\AppData\\Local\\Temp\\rust_mozprofilemtKNBS\\search.json.mozlz4", (void 0)))
DevTools listening on ws://127.0.0.1:57398/devtools/browser/43ccf980-dacc-4c2d-86b6-0bc7fa34b459
JavaScript warning: https://pagead2.googlesyndication.com/bg1671912000143	mozrunner::runner	INFO	Running command: "C:\\Program Files\\Mozilla Firefox\\firefox.exe" "--marionette" "--headless" "--remote-debugging-port" "57497" "--remote-allow-hosts" "localhost" "-no-remote" "-profile" "C:\\Users\\Jagde\\AppData\\Local\\Temp\\rust_mozprofileNhMLFi"
*** You are running in headless mode.
1671912000567	Marionette	INFO	Marionette enabled
1671912000572	Marionette	INFO	Listening on port 57537
WebDriver BiDi listening on ws://127.0.0.1:57497
Read port: 57537
1671912000841	RemoteAgent	WARN	TLS certificate errors will be ignored for this session
[GFX1-]: RenderCompositorSWGL failed mapping default framebuffer, no dt
console.warn: SearchSettings: "get: No settings file exists, new profile?" (new NotFoundError("Could not open the file at C:\\Users\\Jagde\\AppData\\Local\\Temp\\rust_mozprofileNhMLFi\\search.json.mozlz4", (void 0)))
DevTools listening on ws://127.0.0.1:57497/devtools/browser/06489e4b-beeb-40bc-897c-51154fe08341
JavaScript warning: https://pagead2.googlesyndication.com/bg/QDrzY6hqzGh0aYGUuTA1ex70oaN1LFGaXyg_pTqcRvs.js line 2 > eval line 6118 > eval line 1 > eval line 1 > eval, line 1: WEBGL_debug_renderer_info is deprecated in Firefox and will be removed. Please use RENDERER.
JavaScript warning: https://pagead2.googlesJavaScript warning: https://www.walmart.ca/px/PXnp9B16Cq/init.js, line 4: WEBGL_debug_renderer_info is deprecated in Firefox and will be removed. Please use RENDERER.
arionette" "--headless" "--remote-debugging-port" "57616" "--remote-allow-hosts" "localhost" "-no-remote" "-profile" "C:\\Users\\Jagde\\AppData\\Local\\Temp\\rust_mozprofileBMBWvQ"
*** You are running in headless mode.
1671912009606	Marionette	INFO	Marionette enabled
1671912009612	Marionette	INFO	Listening on port 57654
WebDriver BiDi listening on ws://127.0.0.1:57616
Read port: 57654
1671912009916	RemoteAgent	WARN	TLS certificate errors will be ignored for this session
[GFX1-]: RenderCompositorSWGL failed mapping default framebuffer, no dt
console.warn: SearchSettings: "get: No settingJavaScript warning: https://www.walmart.ca/px/PXnp9B16Cq/init.js, line 4: WEBGL_debug_renderer_info is deprecated in Firefox and will be removed. Please use RENDERER.
))
DevTools listening on ws://127.0.0.1:57616/devtools/browser/664d487e-cfc7-4e5d-b531-4e2bd439f6f8
JavaScript warning: https://pagead2.googlesyndication.com/bg1671912017703	mozrunner::runner	INFO	Running command: "C:\\Program Files\\Mozilla Firefox\\firefox.exe" "--marionette" "--headless" "--remote-debugging-port" "57723" "--remote-allow-hosts" "localhost" "-no-remote" "-profile" "C:\\Users\\Jagde\\AppData\\Local\\Temp\\rust_mozprofileGT4Xn7"
*** You are running in headless mode.
1671912018248	Marionette	INFO	Marionette enabled
1671912018254	Marionette	INFO	Listening on port 57776
Read port: 57776
WebDriver BiDi listening on ws://127.0.0.1:57723
1671912018366	RemoteAgent	WARN	TLS certificate errors will be ignored for this session
[GFX1-]: RenderCompositorSWGL failed mapping default framebuffer, no dt
console.warn: SearchSettings: "get: No settings file exists, new profile?" (new NotFoundError("Could not open the file at C:\\Users\\Jagde\\AppData\\Local\\Temp\\rust_mozprofileGT4Xn7\\search.json.mozlz4", (void 0)))
DevTools listening on ws://127.0.0.1:57723/devtools/browser/4a01be3d-c08e-4c97-8bfd-7b93b092fd8b
JavaScript warning: https://pagead2.googlesyndication.com/bg/QDrzY6hqzGh0aYGUuTA1ex70oaN1LFGaXyg_pTqcRvs.js line 2 > eval line 1295 > eval line 1 > eval line 1 > eval, line 1: WEBGL_debug_renderer_info is deprecated in Firefox and will be removed. Please use RENDERER.
JavaScript warning: https://pagead2.googleJavaScript warning: https://www.walmart.ca/px/PXnp9B16Cq/init.js, line 4: WEBGL_debug_renderer_info is deprecated in Firefox and will be removed. Please use RENDERER.
arionette" "--headless" "--remote-debugging-port" "57847" "--remote-allow-hosts" "localhost" "-no-remote" "-profile" "C:\\Users\\Jagde\\AppData\\Local\\Temp\\rust_mozprofileEeQvLh"
*** You are running in headless mode.
1671912027527	Marionette	INFO	Marionette enabled
1671912027532	Marionette	INFO	Listening on port 57900
WebDriver BiDi listening on ws://127.0.0.1:57847
Read port: 57900
1671912027776	RemoteAgent	WARN	TLS certificate errors will be ignored for this session
[GFX1-]: RenderCompositorSWGL failed mapping default framebuffer, no dt
console.warn: SearchSettings: "get: No settings file exists, new profile?" (new NotFoundError("Could not open the file at C:\\Users\\Jagde\\AppData\\Local\\Temp\\rust_mozprofileEeQvLh\\search.json.mozlz4", (void 0)))
DevTools listening on ws://127.0.0.1:57847/devtools/browser/7a881574-098e-4974-931c-6006aa7ad221
JJavaScript warning: https://www.walmart.ca/px/PXnp9B16Cq/init.js, line 4: WEBGL_debug_renderer_info is deprecated in Firefox and will be removed. Please use RENDERER.
e 1: WEBGL_debug_renderer_info is deprecated in Firefox and will be removed. Please use RENDERER.
JavaScript warning: https://pagead2.googlesyndication.com/bg/QDrzY6hqzGh0aYGUuTA1ex70oaN1LFGaXyg_pTqcRvs.js line 2 > eval line 4415 > eval line 1 > eval line 1 > eval, line 1: WEBGL_debug_renderer_info is deprecated in Firefox and will be removed. Please use RENDERER.
JavaScript warning: https://pagead2.googlesyndication.com/bg/QDrzY6hqzGh0aYGUuTA1ex70oaN1LFGaXyg_pTqcRvs.js line 2 > eval line 2815 > eval line 1 > eval line 1 > eval, line 1: WEBGL_debug_renderer_info is deprecated in Firefox and will be removed. Please use RENDERER.
JavaScript warning: https://pagead2.googlesyndication.com/bg/QDrzY6hqzGh0aYGUuTA1ex70oaN1LFGaXyg_pTqcRvs.js line 2 > eval line 4502 > eval line 1 > eval line 1 > eval, line 1: WEBGL_debug_renderer_info is deprecated in Firefox and will be removed. Please use RENDERER.
JavaScript warning: https://pagead2.googlesyndication.com/bg/QDrzY6hqzGh0aYGUuTA1ex70oaN1LFGaXyg_pTqcRvs.js line 2 > eval line 5362 > eval line 1 > eval line 1 > eval, line 1: WEBGL_debug_renderer_info is deprecated in Firefox and will be removed. Please use RENDERER.
JavaScript warning: https://www.walmart.ca/px/PXnp9B16Cq/init.js, line 4: WEBGL_debug_renderer_info is deprecated in Firefox and will be removed. Please use RENDERER.
arionette" "--headless" "--remote-debugging-port" "58028" "--remote-allow-hosts" "localhost" "-no-remote" "-profile" "C:\\Users\\Jagde\\AppData\\Local\\Temp\\rust_mozprofileP2AoXh"
*** You are running in headless mode.
1671912047750	Marionette	INFO	Marionette enabled
1671912047758	Marionette	INFO	Listening on port 58045
Read port: 58045
WebDriver BiDi listening on ws://127.0.0.1:58028
1671912047900	RemoteAgent	WARN	TLS certificate errors will be ignored for this session
[GFX1-]: RenderCompositorSWGL failed mapping default framebuffer, no dt
console.warn: SearchSettings: "get: No settings file exists, new profile?" (new NotFoundError("Could not open the file at C:\\Users\\Jagde\\AppData\\Local\\Temp\\rust_mozprofileP2AoXh\\search.json.mozlz4", (void 0)))
DevTools listening on ws://127.0.0.1:58028/devtools/browser/b008ebf7-de93-468c-8ba6-2497999200a8
JavaScript warning: https://pagead2.googlesyndication.com/bg/QDrzY6hqzGh0aYGUuTA1ex70oaN1LFGaXyg_pTqcRvs.js line 2 > eval line 5802 > eval line 1 > eval line 1 > eval, line 1: WEBGL_debug_renderer_info is deprecated in Firefox and will be removed. Please use RENDERER.
JavaScript warning: https://pagead2.googlesyndication.com/bg/QDrzY6hqzGh0aYGUuTA1ex70oaN1LFGaXyg_pTqcRvs.js line 2 > eval line 3988 > eval line 1 > eval line 1 > eval, line 1: WEBGL_debug_renderer_info is deprecated in Firefox and will be removed. Please use RENDERER.
JavaScript warning: https://pagead2.googlesyndication.com/bg/QDrzY6hqzGh0aYGUuTA1ex70oaN1LFGaXyg_pTqcRvs.js line 2 > eval line 4567 > eval line 1 > eval line 1 > eval, line 1: WEBGL_debug_renderer_info is deprecated in Firefox and will be removed. Please use RENDERER.
JavaScript warning: https://pagead2.googlesyndication.com/bg/QDrzY6hqzGh0aYGUuTA1ex70oaN1LFGaXyg_pTqcRvs.js line 2 > eval line 1204 > eval line 1 > eval line 1 > eval, line 1: WEBGL_debug_renderer_info is deprecated in Firefox and will be removed. Please use RENDERER.
JavaScript warning: https://pagead2.googlesyndication.com/bg/QDrzY6hqzGh0aYGUuTA1ex70oaN1LFGaXyg_pTqcRvs.js line 2 > eval line 6119 > eval line 1 > eval line 1 > eval, line 1: WEBGL_debug_renderer_info is deprecated in Firefox and will be removed. Please use RENDERER.
JavaScript warning: https://www.walmart.ca/px/PXnp9B16Cq/init.js, line 4: WEBGL_debug_renderer_info is deprecated in Firefox and will be removed. Please use RENDERER.
1671912267591	geckodriver	INFO	Listening on 127.0.0.1:58261
1671912270638	mozrunner::runner	INFO	Running command: "C:\\Program Files\\Mozilla Firefox\\firefox.exe" "--marionette" "--headless" "--remote-debugging-port" "58262" "--remote-allow-hosts" "localhost" "-no-remote" "-profile" "C:\\Users\\Jagde\\AppData\\Local\\Temp\\rust_mozprofileQ22drW"
*** You are running in headless mode.
1671912271361	Marionette	INFO	Marionette enabled
1671912271372	Marionette	INFO	Listening on port 58275
Read port: 58275
WebDriver BiDi listening on ws://127.0.0.1:58262
1671912271594	RemoteAgent	WARN	TLS certificate errors will be ignored for this session
[GFX1-]: RenderCompositorSWGL failed mapping default framebuffer, no dt
console.warn: SearchSettings: "get: No settings file exists, new profile?" (new NotFoundError("Could not open the file at C:\\Users\\Jagde\\AppData\\Local\\Temp\\rust_mozprofileQ22drW\\search.json.mozlz4", (void 0)))
DevTools listening on ws://127.0.0.1:58262/devtools/browser/820a4a20-b6ef-4c37-b138-7c52c2d6bceb
JavaScript warning: https://pagead2.googlesyndication.com/bg/QDrzY6hqzGh0aYGUuTA1ex70oaN1LFGaXyg_pTqcRvs.js line 2 > eval line 5330 > eval line 1 > eval line 1 > eval, line 1: WEBGL_debug_renderer_info is deprecated in Firefox and will be removed. Please use RENDERER.
JavaScript warning: https://pagead2.googlesyndication.com/bg/QDrzY6hqzGh0aYGUuTA1ex70oaN1LFGaXyg_pTqcRvs.js line 2 > e1671912281325	Marionette	INFO	Marionette enabled
1671912281332	Marionette	INFO	Listening on port 58395
Read port: 58395
WebDriver BiDi listening on ws://127.0.0.1:58350
1671912281463	RemoteAgent	WARN	TLS certificate errors will be ignored for this session
[GFX1-]: RenderCompositorSWGL failed mapping default framebuffer, no dt
console.warn: SearchSettings: "get: No settings file exists, new profile?" (new NotFoundError("Could not open the file at C:\\Users\\Jagde\\AppData\\Local\\Temp\\rust_mozprofileV6hpQr\\search.json.mozlz4", (void 0)))
DevTools listening on ws://127.0.0.1:58350/devtools/browser/ea87ad11-a469-4865-aed8-41c66f74c70f
JavaScript warning: https://pagead2.googleJavaScript warning: https://www.walmart.ca/px/PXnp9B16Cq/init.js, line 4: WEBGL_debug_renderer_info is deprecated in Firefox and will be removed. Please use RENDERER.
arionette" "--headless" "--remote-debugging-port" "58506" "--remote-allow-hosts" "localhost" "-no-remote" "-profile" "C:\\Users\\Jagde\\AppData\\Local\\Temp\\rust_mozprofile5m5XGU"
*** You are running in headless mode.
1671912295270	Marionette	INFO	Marionette enabled
1671912295278	Marionette	INFO	Listening on port 58531
Read port: 58531
WebDriver BiDi listening on ws://127.0.0.1:58506
1671912295434	RemoteAgent	WARN	TLS certificate errors will be ignored for this session
[GFX1-]: RenderCompositorSWGL failed mapping default framebuffer, no dt
console.warn: SearchSettings: "get: No settings file exists, new profile?" (new NotFoundError("Could not open the file at C:\\Users\\Jagde\\AppData\\Local\\Temp\\rust_mozprofile5m5XGU\\search.json.mozlz4", (void 0)))
DevTools listening on ws://127.0.0.1:58506/devtools/browser/7e646d5c-1d1d-4ea4-b9a5-b512967157da
JavaScript warning: https://pagead2.googlesyndication.com/bg/QDrzY6hqzGh0aYGUuTA1ex70oaN1LFGaXyg_pTqcRvs.js line 2 > eval line 5109 > eval line 1 > eval line 1 > eval, line 1: WEBGL_debug_renderer_info is deprecated in Firefox and will be removed. Please use RENDERER.
JJavaScript warning: https://www.walmart.ca/px/PXnp9B16Cq/init.js, line 4: WEBGL_debug_renderer_info is deprecated in Firefox and will be removed. Please use RENDERER.
arionette" "--headless" "--remote-debugging-port" "58611" "--remote-allow-hosts" "localhost" "-no-remote" "-profile" "C:\\Users\\Jagde\\AppData\\Local\\Temp\\rust_mozprofile6MLhBT"
*** You are running in headless mode.
1671912306272	Marionette	INFO	Marionette enabled
1671912306278	Marionette	INFO	Listening on port 58652
WebDriver BiDi listening on ws://127.0.0.1:58611
Read port: 58652
1671912306461	RemoteAgent	WARN	TLS certificate errors will be ignored for this session
[GFX1-]: RenderCompositorSWGL failed mapping default framebuffer, no dt
console.warn: SearchSettings: "get: No settings file exists, new profile?" (new NotFoundError("Could not open the file at C:\\Users\\Jagde\\AppData\\Local\\Temp\\rust_mozprofile6MLhBT\\search.json.mozlz4", (void 0)))
DevTools listening on ws://127.0.0.1:58611/devtools/browser/4c363950-fc16-4a97-9787-6bf355ed27ce
JavaScript warning: https://pagead2.googleJavaScript warning: https://www.walmart.ca/px/PXnp9B16Cq/init.js, line 4: WEBGL_debug_renderer_info is deprecated in Firefox and will be removed. Please use RENDERER.
arionette" "--headless" "--remote-debugging-port" "58734" "--remote-allow-hosts" "localhost" "-no-remote" "-profile" "C:\\Users\\Jagde\\AppData\\Local\\Temp\\rust_mozprofilez5sNc3"
*** You are running in headless mode.
1671912315523	Marionette	INFO	Marionette enabled
1671912315530	Marionette	INFO	Listening on port 58769
Read port: 58769
WebDriver BiDi listening on ws://127.0.0.1:58734
1671912315655	RemoteAgent	WARN	TLS certificate errors will be ignored for this session
[GFX1-]: RenderCompositorSWGL failed mapping default framebuffer, no dt
console.warn: SearchSettings: "get: No settings file exists, new profile?" (new NotFoundError("Could not open the file at C:\\Users\\Jagde\\AppData\\Local\\Temp\\rust_mozprofilez5sNc3\\search.json.mozlz4", (void 0)))
DevTools listening on ws://127.0.0.1:58734/devtools/browser/0f5014b4-22c4-40fd-a000-6fefec06ec82
JJavaScript warning: https://www.walmart.ca/px/PXnp9B16Cq/init.js, line 4: WEBGL_debug_renderer_info is deprecated in Firefox and will be removed. Please use RENDERER.
arionette" "--headless" "--remote-debugging-port" "58848" "--remote-allow-hosts" "localhost" "-no-remote" "-profile" "C:\\Users\\Jagde\\AppData\\Local\\Temp\\rust_mozprofilefxXpLH"
*** You are running in headless mode.
1671912324646	Marionette	INFO	Marionette enabled
1671912324654	Marionette	INFO	Listening on port 58887
Read port: 58887
WebDriver BiDi listening on ws://127.0.0.1:58848
1671912324778	RemoteAgent	WARN	TLS certificate errors will be ignored for this session
[GFX1-]: RenderCompositorSWGL failed mapping default framebuffer, no dt
console.warn: SearchSettings: "get: No settings file exists, new profile?" (new NotFoundError("Could not open the file at C:\\Users\\Jagde\\AppData\\Local\\Temp\\rust_mozprofilefxXpLH\\search.json.mozlz4", (void 0)))
DevTools listening on ws://127.0.0.1:58848/devtools/browser/853efc34-b3e8-499f-9ce5-adff91c96af6
JavaScript warning: https://pagead2.googlesyndication.com/bg/QDrzY6hqzGh0aYGUuTA1ex70oaN1LFGaXyg_pTqcRvs.js line 2 > eval line 6554 > eval line 1 > eval line 1 > eval, line 1: WEBGL_debug_renderer_info is deprecated in Firefox and will be removed. Please use RENDERER.
JavaScript warning: https://pagead2.googJavaScript warning: https://www.walmart.ca/px/PXnp9B16Cq/init.js, line 4: WEBGL_debug_renderer_info is deprecated in Firefox and will be removed. Please use RENDERER.
arionette" "--headless" "--remote-debugging-port" "58964" "--remote-allow-hosts" "localhost" "-no-remote" "-profile" "C:\\Users\\Jagde\\AppData\\Local\\Temp\\rust_mozprofilezwV6vS"
*** You are running in headless mode.
1671912333524	Marionette	INFO	Marionette enabled
1671912333528	Marionette	INFO	Listening on port 59006
WebDriver BiDi listening on ws://127.0.0.1:58964
Read port: 59006
1671912333722	RemoteAgent	WARN	TLS certificate errors will be ignored for this session
[GFX1-]: RenderCompositorSWGL failed mapping default framebuffer, no dt
console.warn: SearchSettings: "get: No settings fJavaScript warning: https://www.walmart.ca/px/PXnp9B16Cq/init.js, line 4: WEBGL_debug_renderer_info is deprecated in Firefox and will be removed. Please use RENDERER.

DevTools listening on ws://127.0.0.1:58964/devtools/browser/6792cd4c-0fa0-4124-85ad-ae6f25d29d9d
JavaScript warning: https://pagead2.googlesyndication.com/bg/QDrzY6hqzGh0aYGUuTA1ex70oaN1LFGaXyg_pTqcRvs.js line 2 > eval line 4950 > eval line 1 > eval line 1 > eval, line 1: WEBGL_debug_renderer_info is deprecated in Firefox and will be removed. Please use RENDERER.
JavaScript warning: https://pagead2.googlesyndication.com/bg/QDrzY6hqzGh0aYGUuTA1ex70oaN1LFGaXyg_pTqcRvs.js line 2 > eval line 2378 > eval line 1 > eval line 1 > eval, line 1: WEBGL_debug_renderer_info is deprecated in Firefox and will be removed. Please use RENDERER.
JavaScript warning: https://pagead2.googlesyndication.com/bg/QDrzY6hqzGh0aYGUuTA1ex70oaN1LFGaXyg_pTqcRvs.js line 2 > eval line 1182 > eval line 1 > eval line 1 > eval, line 1: WEBGL_debug_renderer_info is deprecated in Firefox and will be removed. Please use RENDERER.
JavaScript warning: https://pagead2.googlesyndication.com/bg/QDrzY6hqzGh0aYGUuTA1ex70oaN1LFGaXyg_pTqcRvs.js line 2 > eval line 4601 > eval line 1 > eval line 1 > eval, line 1: WEBGL_debug_renderer_info is deprecated in Firefox and will be removed. Please use RENDERER.
JavaScript warning: https://pagead2.googlesyndication.com/bg/QDrzY6hqzGh0aYGUuTA1ex70oaN1LFGaXyg_pTqcRvs.js line 2 > eval line 5238 > eval line 1 > eval line 1 > eval, line 1: WEBGL_debug_renderer_info is deprecated in Firefox and will be removed. Please use RENDERER.
JavaScript warning: https://www.walmart.ca/px/PXnp9B16Cq/init.js, line 4: WEBGL_debug_renderer_info is deprecated in Firefox and will be removed. Please use RENDERER.
arionette" "--headless" "--remote-debugging-port" "59132" "--remote-allow-hosts" "localhost" "-no-remote" "-profile" "C:\\Users\\Jagde\\AppData\\Local\\Temp\\rust_mozprofileQZGI9N"
*** You are running in headless mode.
1671912354592	Marionette	INFO	Marionette enabled
1671912354601	Marionette	INFO	Listening on port 59148
Read port: 59148
WebDriver BiDi listening on ws://127.0.0.1:59132
1671912354812	RemoteAgent	WARN	TLS certificate errors will be ignored for this session
[GFX1-]: RenderCompositorSWGL failed mapping default framebuffer, no dt
console.warn: SearchSettings: "get: No settings file exists, new profile?" (new NotFoundError("Could not open the file at C:\\Users\\Jagde\\AppData\\Local\\Temp\\rust_mozprofileQZGI9N\\search.json.mozlz4", (void 0)))
DevTools listening on ws://127.0.0.1:59132/devtools/browser/66fad094-5381-4285-a8d6-38f55116e735
JavaScript warning: https://pagead2.googlesyndication.com/bg/QDrzY6hqzGh0aYGUuTA1ex70oaN1LFGaXyg_pTqcRvs.js line 2 > eval line 7445 > eval line 1 > eval line 1 > eval, line 1: WEBGL_debug_renderer_info is deprecated in Firefox and will be removed. Please use RENDERER.
JavaScript warning: https://pagead2.googlesyndication.com/bg/QDrzY6hqzGh0aYGUuTA1ex70oaN1LFGaXyg_pTqcRvs.js line 2 > eval line 7582 > eval line 1 > eval line 1 > eval, line 1: WEBGL_debug_renderer_info is deprecated in Firefox and will be removed. Please use RENDERER.
JavaScript warning: https://pagead2.googlesyndication.com/bg/QDrzY6hqzGh0aYGUuTA1ex70oaN1LFGaXyg_pTqcRvs.js line 2 > eval line 2440 > eval line 1 > eval line 1 > eval, line 1: WEBGL_debug_renderer_info is deprecated in Firefox and will be removed. Please use RENDERER.
JavaScript warning: https://pagead2.googlesyndication.com/bg/QDrzY6hqzGh0aYGUuTA1ex70oaN1LFGaXyg_pTqcRvs.js line 2 > eval line 5619 > eval line 1 > eval line 1 > eval, line 1: WEBGL_debug_renderer_info is deprecated in Firefox and will be removed. Please use RENDERER.
JavaScript warning: https://pagead2.googlesyndication.com/bg/QDrzY6hqzGh0aYGUuTA1ex70oaN1LFGaXyg_pTqcRvs.js line 2 > eval line 1510 > eval line 1 > eval line 1 > eval, line 1: WEBGL_debug_renderer_info is deprecated in Firefox and will be removed. Please use RENDERER.
JavaScript warning: https://www.walmart.ca/px/PXnp9B16Cq/init.js, line 4: WEBGL_debug_renderer_info is deprecated in Firefox and will be removed. Please use RENDERER.
